[2026-04-25 00:07:47] El backend termino inesperadamente con codigo 0. Reiniciando en 1 segundo.
/Users/david/Documents/ADAII/Proyecto-I-ADA-II/backend/scripts/supervisar_backend.sh: line 40: /Users/david/Documents/ADAII/Proyecto-I-ADA-II/backend/bin/riego_backend: cannot execute binary file
[2026-05-18 14:03:26] El backend termino inesperadamente con codigo 126. Reiniciando en 1 segundo.
/Users/david/Documents/ADAII/Proyecto-I-ADA-II/backend/scripts/supervisar_backend.sh: line 40: /Users/david/Documents/ADAII/Proyecto-I-ADA-II/backend/bin/riego_backend: cannot execute binary file
[2026-05-18 14:03:27] El backend termino inesperadamente con codigo 126. Reiniciando en 1 segundo.
/Users/david/Documents/ADAII/Proyecto-I-ADA-II/backend/scripts/supervisar_backend.sh: line 40: /Users/david/Documents/ADAII/Proyecto-I-ADA-II/backend/bin/riego_backend: cannot execute binary file
[2026-05-18 14:03:28] El backend termino inesperadamente con codigo 126. Reiniciando en 1 segundo.
/Users/david/Documents/ADAII/Proyecto-I-ADA-II/backend/scripts/supervisar_backend.sh: line 40: /Users/david/Documents/ADAII/Proyecto-I-ADA-II/backend/bin/riego_backend: cannot execute binary file
[2026-05-18 14:03:29] El backend termino inesperadamente con codigo 126. Reiniciando en 1 segundo.
/Users/david/Documents/ADAII/Proyecto-I-ADA-II/backend/scripts/supervisar_backend.sh: line 40: /Users/david/Documents/ADAII/Proyecto-I-ADA-II/backend/bin/riego_backend: cannot execute binary file
[2026-05-18 14:03:30] El backend termino inesperadamente con codigo 126. Reiniciando en 1 segundo.
/Users/david/Documents/ADAII/Proyecto-I-ADA-II/backend/scripts/supervisar_backend.sh: line 40: /Users/david/Documents/ADAII/Proyecto-I-ADA-II/backend/bin/riego_backend: cannot execute binary file
[2026-05-18 14:03:31] El backend termino inesperadamente con codigo 126. Reiniciando en 1 segundo.
/Users/david/Documents/ADAII/Proyecto-I-ADA-II/backend/scripts/supervisar_backend.sh: line 40: /Users/david/Documents/ADAII/Proyecto-I-ADA-II/backend/bin/riego_backend: cannot execute binary file
[2026-05-18 14:03:32] El backend termino inesperadamente con codigo 126. Reiniciando en 1 segundo.
/Users/david/Documents/ADAII/Proyecto-I-ADA-II/backend/scripts/supervisar_backend.sh: line 40: /Users/david/Documents/ADAII/Proyecto-I-ADA-II/backend/bin/riego_backend: cannot execute binary file
[2026-05-18 14:03:33] El backend termino inesperadamente con codigo 126. Reiniciando en 1 segundo.
/Users/david/Documents/ADAII/Proyecto-I-ADA-II/backend/scripts/supervisar_backend.sh: line 40: /Users/david/Documents/ADAII/Proyecto-I-ADA-II/backend/bin/riego_backend: cannot execute binary file
[2026-05-18 14:03:34] El backend termino inesperadamente con codigo 126. Reiniciando en 1 segundo.
/Users/david/Documents/ADAII/Proyecto-I-ADA-II/backend/scripts/supervisar_backend.sh: line 40: /Users/david/Documents/ADAII/Proyecto-I-ADA-II/backend/bin/riego_backend: cannot execute binary file
[2026-05-18 14:03:35] El backend termino inesperadamente con codigo 126. Reiniciando en 1 segundo.
/Users/david/Documents/ADAII/Proyecto-I-ADA-II/backend/scripts/supervisar_backend.sh: line 40: /Users/david/Documents/ADAII/Proyecto-I-ADA-II/backend/bin/riego_backend: cannot execute binary file
[2026-05-18 14:03:36] El backend termino inesperadamente con codigo 126. Reiniciando en 1 segundo.
/Users/david/Documents/ADAII/Proyecto-I-ADA-II/backend/scripts/supervisar_backend.sh: line 40: /Users/david/Documents/ADAII/Proyecto-I-ADA-II/backend/bin/riego_backend: cannot execute binary file
[2026-05-18 14:03:37] El backend termino inesperadamente con codigo 126. Reiniciando en 1 segundo.
/Users/david/Documents/ADAII/Proyecto-I-ADA-II/backend/scripts/supervisar_backend.sh: line 40: /Users/david/Documents/ADAII/Proyecto-I-ADA-II/backend/bin/riego_backend: cannot execute binary file
[2026-05-18 14:03:38] El backend termino inesperadamente con codigo 126. Reiniciando en 1 segundo.
/Users/david/Documents/ADAII/Proyecto-I-ADA-II/backend/scripts/supervisar_backend.sh: line 40: /Users/david/Documents/ADAII/Proyecto-I-ADA-II/backend/bin/riego_backend: cannot execute binary file
[2026-05-18 14:03:39] El backend termino inesperadamente con codigo 126. Reiniciando en 1 segundo.
/Users/david/Documents/ADAII/Proyecto-I-ADA-II/backend/scripts/supervisar_backend.sh: line 40: /Users/david/Documents/ADAII/Proyecto-I-ADA-II/backend/bin/riego_backend: cannot execute binary file
[2026-05-18 14:03:40] El backend termino inesperadamente con codigo 126. Reiniciando en 1 segundo.
/Users/david/Documents/ADAII/Proyecto-I-ADA-II/backend/scripts/supervisar_backend.sh: line 40: /Users/david/Documents/ADAII/Proyecto-I-ADA-II/backend/bin/riego_backend: cannot execute binary file
[2026-05-18 14:03:41] El backend termino inesperadamente con codigo 126. Reiniciando en 1 segundo.
/Users/david/Documents/ADAII/Proyecto-I-ADA-II/backend/scripts/supervisar_backend.sh: line 40: /Users/david/Documents/ADAII/Proyecto-I-ADA-II/backend/bin/riego_backend: cannot execute binary file
[2026-05-18 14:03:42] El backend termino inesperadamente con codigo 126. Reiniciando en 1 segundo.
/Users/david/Documents/ADAII/Proyecto-I-ADA-II/backend/scripts/supervisar_backend.sh: line 40: /Users/david/Documents/ADAII/Proyecto-I-ADA-II/backend/bin/riego_backend: cannot execute binary file
[2026-05-18 14:03:43] El backend termino inesperadamente con codigo 126. Reiniciando en 1 segundo.
/Users/david/Documents/ADAII/Proyecto-I-ADA-II/backend/scripts/supervisar_backend.sh: line 40: /Users/david/Documents/ADAII/Proyecto-I-ADA-II/backend/bin/riego_backend: cannot execute binary file
[2026-05-18 14:03:44] El backend termino inesperadamente con codigo 126. Reiniciando en 1 segundo.
/Users/david/Documents/ADAII/Proyecto-I-ADA-II/backend/scripts/supervisar_backend.sh: line 40: /Users/david/Documents/ADAII/Proyecto-I-ADA-II/backend/bin/riego_backend: cannot execute binary file
[2026-05-18 14:03:45] El backend termino inesperadamente con codigo 126. Reiniciando en 1 segundo.
/Users/david/Documents/ADAII/Proyecto-I-ADA-II/backend/scripts/supervisar_backend.sh: line 40: /Users/david/Documents/ADAII/Proyecto-I-ADA-II/backend/bin/riego_backend: cannot execute binary file
[2026-05-18 14:03:46] El backend termino inesperadamente con codigo 126. Reiniciando en 1 segundo.
/Users/david/Documents/ADAII/Proyecto-I-ADA-II/backend/scripts/supervisar_backend.sh: line 40: /Users/david/Documents/ADAII/Proyecto-I-ADA-II/backend/bin/riego_backend: cannot execute binary file
[2026-05-18 14:03:47] El backend termino inesperadamente con codigo 126. Reiniciando en 1 segundo.
/Users/david/Documents/ADAII/Proyecto-I-ADA-II/backend/scripts/supervisar_backend.sh: line 40: /Users/david/Documents/ADAII/Proyecto-I-ADA-II/backend/bin/riego_backend: cannot execute binary file
[2026-05-18 14:03:48] El backend termino inesperadamente con codigo 126. Reiniciando en 1 segundo.
/Users/david/Documents/ADAII/Proyecto-I-ADA-II/backend/scripts/supervisar_backend.sh: line 40: /Users/david/Documents/ADAII/Proyecto-I-ADA-II/backend/bin/riego_backend: cannot execute binary file
[2026-05-18 14:03:49] El backend termino inesperadamente con codigo 126. Reiniciando en 1 segundo.
/Users/david/Documents/ADAII/Proyecto-I-ADA-II/backend/scripts/supervisar_backend.sh: line 40: /Users/david/Documents/ADAII/Proyecto-I-ADA-II/backend/bin/riego_backend: cannot execute binary file
[2026-05-18 14:03:50] El backend termino inesperadamente con codigo 126. Reiniciando en 1 segundo.
/Users/david/Documents/ADAII/Proyecto-I-ADA-II/backend/scripts/supervisar_backend.sh: line 40: /Users/david/Documents/ADAII/Proyecto-I-ADA-II/backend/bin/riego_backend: cannot execute binary file
[2026-05-18 14:03:51] El backend termino inesperadamente con codigo 126. Reiniciando en 1 segundo.
/Users/david/Documents/ADAII/Proyecto-I-ADA-II/backend/scripts/supervisar_backend.sh: line 40: /Users/david/Documents/ADAII/Proyecto-I-ADA-II/backend/bin/riego_backend: cannot execute binary file
[2026-05-18 14:03:52] El backend termino inesperadamente con codigo 126. Reiniciando en 1 segundo.
/Users/david/Documents/ADAII/Proyecto-I-ADA-II/backend/scripts/supervisar_backend.sh: line 40: /Users/david/Documents/ADAII/Proyecto-I-ADA-II/backend/bin/riego_backend: cannot execute binary file
[2026-05-18 14:03:53] El backend termino inesperadamente con codigo 126. Reiniciando en 1 segundo.
/Users/david/Documents/ADAII/Proyecto-I-ADA-II/backend/scripts/supervisar_backend.sh: line 40: /Users/david/Documents/ADAII/Proyecto-I-ADA-II/backend/bin/riego_backend: cannot execute binary file
[2026-05-18 14:03:54] El backend termino inesperadamente con codigo 126. Reiniciando en 1 segundo.
/Users/david/Documents/ADAII/Proyecto-I-ADA-II/backend/scripts/supervisar_backend.sh: line 40: /Users/david/Documents/ADAII/Proyecto-I-ADA-II/backend/bin/riego_backend: cannot execute binary file
[2026-05-18 14:03:55] El backend termino inesperadamente con codigo 126. Reiniciando en 1 segundo.
/Users/david/Documents/ADAII/Proyecto-I-ADA-II/backend/scripts/supervisar_backend.sh: line 40: /Users/david/Documents/ADAII/Proyecto-I-ADA-II/backend/bin/riego_backend: cannot execute binary file
[2026-05-18 14:03:56] El backend termino inesperadamente con codigo 126. Reiniciando en 1 segundo.
/Users/david/Documents/ADAII/Proyecto-I-ADA-II/backend/scripts/supervisar_backend.sh: line 40: /Users/david/Documents/ADAII/Proyecto-I-ADA-II/backend/bin/riego_backend: cannot execute binary file
[2026-05-18 14:03:57] El backend termino inesperadamente con codigo 126. Reiniciando en 1 segundo.
/Users/david/Documents/ADAII/Proyecto-I-ADA-II/backend/scripts/supervisar_backend.sh: line 40: /Users/david/Documents/ADAII/Proyecto-I-ADA-II/backend/bin/riego_backend: cannot execute binary file
[2026-05-18 14:03:58] El backend termino inesperadamente con codigo 126. Reiniciando en 1 segundo.
/Users/david/Documents/ADAII/Proyecto-I-ADA-II/backend/scripts/supervisar_backend.sh: line 40: /Users/david/Documents/ADAII/Proyecto-I-ADA-II/backend/bin/riego_backend: cannot execute binary file
[2026-05-18 14:03:59] El backend termino inesperadamente con codigo 126. Reiniciando en 1 segundo.
/Users/david/Documents/ADAII/Proyecto-I-ADA-II/backend/scripts/supervisar_backend.sh: line 40: /Users/david/Documents/ADAII/Proyecto-I-ADA-II/backend/bin/riego_backend: cannot execute binary file
[2026-05-18 14:04:01] El backend termino inesperadamente con codigo 126. Reiniciando en 1 segundo.
/Users/david/Documents/ADAII/Proyecto-I-ADA-II/backend/scripts/supervisar_backend.sh: line 40: /Users/david/Documents/ADAII/Proyecto-I-ADA-II/backend/bin/riego_backend: cannot execute binary file
[2026-05-18 14:04:02] El backend termino inesperadamente con codigo 126. Reiniciando en 1 segundo.
/Users/david/Documents/ADAII/Proyecto-I-ADA-II/backend/scripts/supervisar_backend.sh: line 40: /Users/david/Documents/ADAII/Proyecto-I-ADA-II/backend/bin/riego_backend: cannot execute binary file
[2026-05-18 14:04:03] El backend termino inesperadamente con codigo 126. Reiniciando en 1 segundo.
/Users/david/Documents/ADAII/Proyecto-I-ADA-II/backend/scripts/supervisar_backend.sh: line 40: /Users/david/Documents/ADAII/Proyecto-I-ADA-II/backend/bin/riego_backend: cannot execute binary file
[2026-05-18 14:04:04] El backend termino inesperadamente con codigo 126. Reiniciando en 1 segundo.
/Users/david/Documents/ADAII/Proyecto-I-ADA-II/backend/scripts/supervisar_backend.sh: line 40: /Users/david/Documents/ADAII/Proyecto-I-ADA-II/backend/bin/riego_backend: cannot execute binary file
[2026-05-18 14:04:05] El backend termino inesperadamente con codigo 126. Reiniciando en 1 segundo.
/Users/david/Documents/ADAII/Proyecto-I-ADA-II/backend/scripts/supervisar_backend.sh: line 40: /Users/david/Documents/ADAII/Proyecto-I-ADA-II/backend/bin/riego_backend: cannot execute binary file
[2026-05-18 14:04:06] El backend termino inesperadamente con codigo 126. Reiniciando en 1 segundo.
/Users/david/Documents/ADAII/Proyecto-I-ADA-II/backend/scripts/supervisar_backend.sh: line 40: /Users/david/Documents/ADAII/Proyecto-I-ADA-II/backend/bin/riego_backend: cannot execute binary file
[2026-05-18 14:04:07] El backend termino inesperadamente con codigo 126. Reiniciando en 1 segundo.
/Users/david/Documents/ADAII/Proyecto-I-ADA-II/backend/scripts/supervisar_backend.sh: line 40: /Users/david/Documents/ADAII/Proyecto-I-ADA-II/backend/bin/riego_backend: cannot execute binary file
[2026-05-18 14:04:08] El backend termino inesperadamente con codigo 126. Reiniciando en 1 segundo.
/Users/david/Documents/ADAII/Proyecto-I-ADA-II/backend/scripts/supervisar_backend.sh: line 40: /Users/david/Documents/ADAII/Proyecto-I-ADA-II/backend/bin/riego_backend: cannot execute binary file
[2026-05-18 14:04:09] El backend termino inesperadamente con codigo 126. Reiniciando en 1 segundo.
/Users/david/Documents/ADAII/Proyecto-I-ADA-II/backend/scripts/supervisar_backend.sh: line 40: /Users/david/Documents/ADAII/Proyecto-I-ADA-II/backend/bin/riego_backend: cannot execute binary file
[2026-05-18 14:04:10] El backend termino inesperadamente con codigo 126. Reiniciando en 1 segundo.
/Users/david/Documents/ADAII/Proyecto-I-ADA-II/backend/scripts/supervisar_backend.sh: line 40: /Users/david/Documents/ADAII/Proyecto-I-ADA-II/backend/bin/riego_backend: cannot execute binary file
[2026-05-18 14:04:11] El backend termino inesperadamente con codigo 126. Reiniciando en 1 segundo.
/Users/david/Documents/ADAII/Proyecto-I-ADA-II/backend/scripts/supervisar_backend.sh: line 40: /Users/david/Documents/ADAII/Proyecto-I-ADA-II/backend/bin/riego_backend: cannot execute binary file
[2026-05-18 14:04:12] El backend termino inesperadamente con codigo 126. Reiniciando en 1 segundo.
/Users/david/Documents/ADAII/Proyecto-I-ADA-II/backend/scripts/supervisar_backend.sh: line 40: /Users/david/Documents/ADAII/Proyecto-I-ADA-II/backend/bin/riego_backend: cannot execute binary file
[2026-05-18 14:04:13] El backend termino inesperadamente con codigo 126. Reiniciando en 1 segundo.
/Users/david/Documents/ADAII/Proyecto-I-ADA-II/backend/scripts/supervisar_backend.sh: line 40: /Users/david/Documents/ADAII/Proyecto-I-ADA-II/backend/bin/riego_backend: cannot execute binary file
[2026-05-18 14:04:14] El backend termino inesperadamente con codigo 126. Reiniciando en 1 segundo.
/Users/david/Documents/ADAII/Proyecto-I-ADA-II/backend/scripts/supervisar_backend.sh: line 40: /Users/david/Documents/ADAII/Proyecto-I-ADA-II/backend/bin/riego_backend: cannot execute binary file
[2026-05-18 14:04:15] El backend termino inesperadamente con codigo 126. Reiniciando en 1 segundo.
/Users/david/Documents/ADAII/Proyecto-I-ADA-II/backend/scripts/supervisar_backend.sh: line 40: /Users/david/Documents/ADAII/Proyecto-I-ADA-II/backend/bin/riego_backend: cannot execute binary file
[2026-05-18 14:04:16] El backend termino inesperadamente con codigo 126. Reiniciando en 1 segundo.
/Users/david/Documents/ADAII/Proyecto-I-ADA-II/backend/scripts/supervisar_backend.sh: line 40: /Users/david/Documents/ADAII/Proyecto-I-ADA-II/backend/bin/riego_backend: cannot execute binary file
[2026-05-18 14:04:17] El backend termino inesperadamente con codigo 126. Reiniciando en 1 segundo.
/Users/david/Documents/ADAII/Proyecto-I-ADA-II/backend/scripts/supervisar_backend.sh: line 40: /Users/david/Documents/ADAII/Proyecto-I-ADA-II/backend/bin/riego_backend: cannot execute binary file
[2026-05-18 14:04:18] El backend termino inesperadamente con codigo 126. Reiniciando en 1 segundo.
/Users/david/Documents/ADAII/Proyecto-I-ADA-II/backend/scripts/supervisar_backend.sh: line 40: /Users/david/Documents/ADAII/Proyecto-I-ADA-II/backend/bin/riego_backend: cannot execute binary file
[2026-05-18 14:04:19] El backend termino inesperadamente con codigo 126. Reiniciando en 1 segundo.
/Users/david/Documents/ADAII/Proyecto-I-ADA-II/backend/scripts/supervisar_backend.sh: line 40: /Users/david/Documents/ADAII/Proyecto-I-ADA-II/backend/bin/riego_backend: cannot execute binary file
[2026-05-18 14:04:20] El backend termino inesperadamente con codigo 126. Reiniciando en 1 segundo.
/Users/david/Documents/ADAII/Proyecto-I-ADA-II/backend/scripts/supervisar_backend.sh: line 40: /Users/david/Documents/ADAII/Proyecto-I-ADA-II/backend/bin/riego_backend: cannot execute binary file
[2026-05-18 14:04:21] El backend termino inesperadamente con codigo 126. Reiniciando en 1 segundo.
/Users/david/Documents/ADAII/Proyecto-I-ADA-II/backend/scripts/supervisar_backend.sh: line 40: /Users/david/Documents/ADAII/Proyecto-I-ADA-II/backend/bin/riego_backend: cannot execute binary file
[2026-05-18 14:04:22] El backend termino inesperadamente con codigo 126. Reiniciando en 1 segundo.
/Users/david/Documents/ADAII/Proyecto-I-ADA-II/backend/scripts/supervisar_backend.sh: line 40: /Users/david/Documents/ADAII/Proyecto-I-ADA-II/backend/bin/riego_backend: cannot execute binary file
[2026-05-18 14:04:23] El backend termino inesperadamente con codigo 126. Reiniciando en 1 segundo.
/Users/david/Documents/ADAII/Proyecto-I-ADA-II/backend/scripts/supervisar_backend.sh: line 40: /Users/david/Documents/ADAII/Proyecto-I-ADA-II/backend/bin/riego_backend: cannot execute binary file
[2026-05-18 14:04:24] El backend termino inesperadamente con codigo 126. Reiniciando en 1 segundo.
/Users/david/Documents/ADAII/Proyecto-I-ADA-II/backend/scripts/supervisar_backend.sh: line 40: /Users/david/Documents/ADAII/Proyecto-I-ADA-II/backend/bin/riego_backend: cannot execute binary file
[2026-05-18 14:04:25] El backend termino inesperadamente con codigo 126. Reiniciando en 1 segundo.
/Users/david/Documents/ADAII/Proyecto-I-ADA-II/backend/scripts/supervisar_backend.sh: line 40: /Users/david/Documents/ADAII/Proyecto-I-ADA-II/backend/bin/riego_backend: cannot execute binary file
[2026-05-18 14:04:26] El backend termino inesperadamente con codigo 126. Reiniciando en 1 segundo.
/Users/david/Documents/ADAII/Proyecto-I-ADA-II/backend/scripts/supervisar_backend.sh: line 40: /Users/david/Documents/ADAII/Proyecto-I-ADA-II/backend/bin/riego_backend: cannot execute binary file
[2026-05-18 14:04:27] El backend termino inesperadamente con codigo 126. Reiniciando en 1 segundo.
/Users/david/Documents/ADAII/Proyecto-I-ADA-II/backend/scripts/supervisar_backend.sh: line 40: /Users/david/Documents/ADAII/Proyecto-I-ADA-II/backend/bin/riego_backend: cannot execute binary file
[2026-05-18 14:04:28] El backend termino inesperadamente con codigo 126. Reiniciando en 1 segundo.
/Users/david/Documents/ADAII/Proyecto-I-ADA-II/backend/scripts/supervisar_backend.sh: line 40: /Users/david/Documents/ADAII/Proyecto-I-ADA-II/backend/bin/riego_backend: cannot execute binary file
[2026-05-18 14:04:29] El backend termino inesperadamente con codigo 126. Reiniciando en 1 segundo.
/Users/david/Documents/ADAII/Proyecto-I-ADA-II/backend/scripts/supervisar_backend.sh: line 40: /Users/david/Documents/ADAII/Proyecto-I-ADA-II/backend/bin/riego_backend: cannot execute binary file
[2026-05-18 14:04:30] El backend termino inesperadamente con codigo 126. Reiniciando en 1 segundo.
/Users/david/Documents/ADAII/Proyecto-I-ADA-II/backend/scripts/supervisar_backend.sh: line 40: /Users/david/Documents/ADAII/Proyecto-I-ADA-II/backend/bin/riego_backend: cannot execute binary file
[2026-05-18 14:04:31] El backend termino inesperadamente con codigo 126. Reiniciando en 1 segundo.
/Users/david/Documents/ADAII/Proyecto-I-ADA-II/backend/scripts/supervisar_backend.sh: line 40: /Users/david/Documents/ADAII/Proyecto-I-ADA-II/backend/bin/riego_backend: cannot execute binary file
[2026-05-18 14:04:32] El backend termino inesperadamente con codigo 126. Reiniciando en 1 segundo.
/Users/david/Documents/ADAII/Proyecto-I-ADA-II/backend/scripts/supervisar_backend.sh: line 40: /Users/david/Documents/ADAII/Proyecto-I-ADA-II/backend/bin/riego_backend: cannot execute binary file
[2026-05-18 14:04:33] El backend termino inesperadamente con codigo 126. Reiniciando en 1 segundo.
/Users/david/Documents/ADAII/Proyecto-I-ADA-II/backend/scripts/supervisar_backend.sh: line 40: /Users/david/Documents/ADAII/Proyecto-I-ADA-II/backend/bin/riego_backend: cannot execute binary file
[2026-05-18 14:04:34] El backend termino inesperadamente con codigo 126. Reiniciando en 1 segundo.
/Users/david/Documents/ADAII/Proyecto-I-ADA-II/backend/scripts/supervisar_backend.sh: line 40: /Users/david/Documents/ADAII/Proyecto-I-ADA-II/backend/bin/riego_backend: cannot execute binary file
[2026-05-18 14:04:35] El backend termino inesperadamente con codigo 126. Reiniciando en 1 segundo.
/Users/david/Documents/ADAII/Proyecto-I-ADA-II/backend/scripts/supervisar_backend.sh: line 40: /Users/david/Documents/ADAII/Proyecto-I-ADA-II/backend/bin/riego_backend: cannot execute binary file
[2026-05-18 14:04:37] El backend termino inesperadamente con codigo 126. Reiniciando en 1 segundo.
/Users/david/Documents/ADAII/Proyecto-I-ADA-II/backend/scripts/supervisar_backend.sh: line 40: /Users/david/Documents/ADAII/Proyecto-I-ADA-II/backend/bin/riego_backend: cannot execute binary file
[2026-05-18 14:04:38] El backend termino inesperadamente con codigo 126. Reiniciando en 1 segundo.
/Users/david/Documents/ADAII/Proyecto-I-ADA-II/backend/scripts/supervisar_backend.sh: line 40: /Users/david/Documents/ADAII/Proyecto-I-ADA-II/backend/bin/riego_backend: cannot execute binary file
[2026-05-18 14:04:39] El backend termino inesperadamente con codigo 126. Reiniciando en 1 segundo.
/Users/david/Documents/ADAII/Proyecto-I-ADA-II/backend/scripts/supervisar_backend.sh: line 40: /Users/david/Documents/ADAII/Proyecto-I-ADA-II/backend/bin/riego_backend: cannot execute binary file
[2026-05-18 14:04:40] El backend termino inesperadamente con codigo 126. Reiniciando en 1 segundo.
/Users/david/Documents/ADAII/Proyecto-I-ADA-II/backend/scripts/supervisar_backend.sh: line 40: /Users/david/Documents/ADAII/Proyecto-I-ADA-II/backend/bin/riego_backend: cannot execute binary file
[2026-05-18 14:04:41] El backend termino inesperadamente con codigo 126. Reiniciando en 1 segundo.
/Users/david/Documents/ADAII/Proyecto-I-ADA-II/backend/scripts/supervisar_backend.sh: line 40: /Users/david/Documents/ADAII/Proyecto-I-ADA-II/backend/bin/riego_backend: cannot execute binary file
[2026-05-18 14:04:42] El backend termino inesperadamente con codigo 126. Reiniciando en 1 segundo.
/Users/david/Documents/ADAII/Proyecto-I-ADA-II/backend/scripts/supervisar_backend.sh: line 40: /Users/david/Documents/ADAII/Proyecto-I-ADA-II/backend/bin/riego_backend: cannot execute binary file
[2026-05-18 14:04:43] El backend termino inesperadamente con codigo 126. Reiniciando en 1 segundo.
/Users/david/Documents/ADAII/Proyecto-I-ADA-II/backend/scripts/supervisar_backend.sh: line 40: /Users/david/Documents/ADAII/Proyecto-I-ADA-II/backend/bin/riego_backend: cannot execute binary file
[2026-05-18 14:04:44] El backend termino inesperadamente con codigo 126. Reiniciando en 1 segundo.
/Users/david/Documents/ADAII/Proyecto-I-ADA-II/backend/scripts/supervisar_backend.sh: line 40: /Users/david/Documents/ADAII/Proyecto-I-ADA-II/backend/bin/riego_backend: cannot execute binary file
[2026-05-18 14:04:45] El backend termino inesperadamente con codigo 126. Reiniciando en 1 segundo.
/Users/david/Documents/ADAII/Proyecto-I-ADA-II/backend/scripts/supervisar_backend.sh: line 40: /Users/david/Documents/ADAII/Proyecto-I-ADA-II/backend/bin/riego_backend: cannot execute binary file
[2026-05-18 14:04:46] El backend termino inesperadamente con codigo 126. Reiniciando en 1 segundo.
/Users/david/Documents/ADAII/Proyecto-I-ADA-II/backend/scripts/supervisar_backend.sh: line 40: /Users/david/Documents/ADAII/Proyecto-I-ADA-II/backend/bin/riego_backend: cannot execute binary file
[2026-05-18 14:04:47] El backend termino inesperadamente con codigo 126. Reiniciando en 1 segundo.
/Users/david/Documents/ADAII/Proyecto-I-ADA-II/backend/scripts/supervisar_backend.sh: line 40: /Users/david/Documents/ADAII/Proyecto-I-ADA-II/backend/bin/riego_backend: cannot execute binary file
[2026-05-18 14:04:48] El backend termino inesperadamente con codigo 126. Reiniciando en 1 segundo.
/Users/david/Documents/ADAII/Proyecto-I-ADA-II/backend/scripts/supervisar_backend.sh: line 40: /Users/david/Documents/ADAII/Proyecto-I-ADA-II/backend/bin/riego_backend: cannot execute binary file
[2026-05-18 14:04:49] El backend termino inesperadamente con codigo 126. Reiniciando en 1 segundo.
/Users/david/Documents/ADAII/Proyecto-I-ADA-II/backend/scripts/supervisar_backend.sh: line 40: /Users/david/Documents/ADAII/Proyecto-I-ADA-II/backend/bin/riego_backend: cannot execute binary file
[2026-05-18 14:04:50] El backend termino inesperadamente con codigo 126. Reiniciando en 1 segundo.
/Users/david/Documents/ADAII/Proyecto-I-ADA-II/backend/scripts/supervisar_backend.sh: line 40: /Users/david/Documents/ADAII/Proyecto-I-ADA-II/backend/bin/riego_backend: cannot execute binary file
[2026-05-18 14:04:51] El backend termino inesperadamente con codigo 126. Reiniciando en 1 segundo.
/Users/david/Documents/ADAII/Proyecto-I-ADA-II/backend/scripts/supervisar_backend.sh: line 40: /Users/david/Documents/ADAII/Proyecto-I-ADA-II/backend/bin/riego_backend: cannot execute binary file
[2026-05-18 14:04:52] El backend termino inesperadamente con codigo 126. Reiniciando en 1 segundo.
/Users/david/Documents/ADAII/Proyecto-I-ADA-II/backend/scripts/supervisar_backend.sh: line 40: /Users/david/Documents/ADAII/Proyecto-I-ADA-II/backend/bin/riego_backend: cannot execute binary file
[2026-05-18 14:04:53] El backend termino inesperadamente con codigo 126. Reiniciando en 1 segundo.
/Users/david/Documents/ADAII/Proyecto-I-ADA-II/backend/scripts/supervisar_backend.sh: line 40: /Users/david/Documents/ADAII/Proyecto-I-ADA-II/backend/bin/riego_backend: cannot execute binary file
[2026-05-18 14:04:54] El backend termino inesperadamente con codigo 126. Reiniciando en 1 segundo.
/Users/david/Documents/ADAII/Proyecto-I-ADA-II/backend/scripts/supervisar_backend.sh: line 40: /Users/david/Documents/ADAII/Proyecto-I-ADA-II/backend/bin/riego_backend: No such file or directory
[2026-05-18 14:04:55] El backend termino inesperadamente con codigo 1. Reiniciando en 1 segundo.
/Users/david/Documents/ADAII/Proyecto-I-ADA-II/backend/scripts/supervisar_backend.sh: line 40: /Users/david/Documents/ADAII/Proyecto-I-ADA-II/backend/bin/riego_backend: No such file or directory
[2026-05-18 14:04:56] El backend termino inesperadamente con codigo 1. Reiniciando en 1 segundo.
/Users/david/Documents/ADAII/Proyecto-I-ADA-II/backend/scripts/supervisar_backend.sh: line 40: /Users/david/Documents/ADAII/Proyecto-I-ADA-II/backend/bin/riego_backend: No such file or directory
[2026-05-18 14:04:57] El backend termino inesperadamente con codigo 1. Reiniciando en 1 segundo.
/Users/david/Documents/ADAII/Proyecto-I-ADA-II/backend/scripts/supervisar_backend.sh: line 40: /Users/david/Documents/ADAII/Proyecto-I-ADA-II/backend/bin/riego_backend: No such file or directory
[2026-05-18 14:04:58] El backend termino inesperadamente con codigo 1. Reiniciando en 1 segundo.
/Users/david/Documents/ADAII/Proyecto-I-ADA-II/backend/scripts/supervisar_backend.sh: line 40: /Users/david/Documents/ADAII/Proyecto-I-ADA-II/backend/bin/riego_backend: No such file or directory
[2026-05-18 14:04:59] El backend termino inesperadamente con codigo 1. Reiniciando en 1 segundo.
/Users/david/Documents/ADAII/Proyecto-I-ADA-II/backend/scripts/supervisar_backend.sh: line 40: /Users/david/Documents/ADAII/Proyecto-I-ADA-II/backend/bin/riego_backend: No such file or directory
[2026-05-18 14:05:00] El backend termino inesperadamente con codigo 1. Reiniciando en 1 segundo.
/Users/david/Documents/ADAII/Proyecto-I-ADA-II/backend/scripts/supervisar_backend.sh: line 40: /Users/david/Documents/ADAII/Proyecto-I-ADA-II/backend/bin/riego_backend: No such file or directory
[2026-05-18 14:05:01] El backend termino inesperadamente con codigo 1. Reiniciando en 1 segundo.
/Users/david/Documents/ADAII/Proyecto-I-ADA-II/backend/scripts/supervisar_backend.sh: line 40: /Users/david/Documents/ADAII/Proyecto-I-ADA-II/backend/bin/riego_backend: No such file or directory
[2026-05-18 14:05:02] El backend termino inesperadamente con codigo 1. Reiniciando en 1 segundo.
/Users/david/Documents/ADAII/Proyecto-I-ADA-II/backend/scripts/supervisar_backend.sh: line 40: /Users/david/Documents/ADAII/Proyecto-I-ADA-II/backend/bin/riego_backend: No such file or directory
[2026-05-18 14:05:03] El backend termino inesperadamente con codigo 1. Reiniciando en 1 segundo.
/Users/david/Documents/ADAII/Proyecto-I-ADA-II/backend/scripts/supervisar_backend.sh: line 40: /Users/david/Documents/ADAII/Proyecto-I-ADA-II/backend/bin/riego_backend: No such file or directory
[2026-05-18 14:05:04] El backend termino inesperadamente con codigo 1. Reiniciando en 1 segundo.
/Users/david/Documents/ADAII/Proyecto-I-ADA-II/backend/scripts/supervisar_backend.sh: line 40: /Users/david/Documents/ADAII/Proyecto-I-ADA-II/backend/bin/riego_backend: No such file or directory
[2026-05-18 14:05:05] El backend termino inesperadamente con codigo 1. Reiniciando en 1 segundo.
/Users/david/Documents/ADAII/Proyecto-I-ADA-II/backend/scripts/supervisar_backend.sh: line 40: /Users/david/Documents/ADAII/Proyecto-I-ADA-II/backend/bin/riego_backend: No such file or directory
[2026-05-18 14:05:06] El backend termino inesperadamente con codigo 1. Reiniciando en 1 segundo.
/Users/david/Documents/ADAII/Proyecto-I-ADA-II/backend/scripts/supervisar_backend.sh: line 40: /Users/david/Documents/ADAII/Proyecto-I-ADA-II/backend/bin/riego_backend: No such file or directory
[2026-05-18 14:05:07] El backend termino inesperadamente con codigo 1. Reiniciando en 1 segundo.
/Users/david/Documents/ADAII/Proyecto-I-ADA-II/backend/scripts/supervisar_backend.sh: line 40: /Users/david/Documents/ADAII/Proyecto-I-ADA-II/backend/bin/riego_backend: No such file or directory
[2026-05-18 14:05:08] El backend termino inesperadamente con codigo 1. Reiniciando en 1 segundo.
/Users/david/Documents/ADAII/Proyecto-I-ADA-II/backend/scripts/supervisar_backend.sh: line 40: /Users/david/Documents/ADAII/Proyecto-I-ADA-II/backend/bin/riego_backend: No such file or directory
[2026-05-18 14:05:09] El backend termino inesperadamente con codigo 1. Reiniciando en 1 segundo.
/Users/david/Documents/ADAII/Proyecto-I-ADA-II/backend/scripts/supervisar_backend.sh: line 40: /Users/david/Documents/ADAII/Proyecto-I-ADA-II/backend/bin/riego_backend: No such file or directory
[2026-05-18 14:05:10] El backend termino inesperadamente con codigo 1. Reiniciando en 1 segundo.
/home/juan-carlos-cruz/Documentos/Proyectos/Proyecto-I-ADAII/Proyecto-I-ADA-II/backend/scripts/supervisar_backend.sh: línea 40: /home/juan-carlos-cruz/Documentos/Proyectos/Proyecto-I-ADAII/Proyecto-I-ADA-II/backend/bin/riego_backend: no se puede ejecutar el fichero binario: Formato de ejecutable incorrecto
[2026-05-18 14:33:38] El backend termino inesperadamente con codigo 126. Reiniciando en 1 segundo.
/home/juan-carlos-cruz/Documentos/Proyectos/Proyecto-I-ADAII/Proyecto-I-ADA-II/backend/scripts/supervisar_backend.sh: línea 40: /home/juan-carlos-cruz/Documentos/Proyectos/Proyecto-I-ADAII/Proyecto-I-ADA-II/backend/bin/riego_backend: no se puede ejecutar el fichero binario: Formato de ejecutable incorrecto
[2026-05-18 14:33:39] El backend termino inesperadamente con codigo 126. Reiniciando en 1 segundo.
/home/juan-carlos-cruz/Documentos/Proyectos/Proyecto-I-ADAII/Proyecto-I-ADA-II/backend/scripts/supervisar_backend.sh: línea 40: /home/juan-carlos-cruz/Documentos/Proyectos/Proyecto-I-ADAII/Proyecto-I-ADA-II/backend/bin/riego_backend: no se puede ejecutar el fichero binario: Formato de ejecutable incorrecto
[2026-05-18 14:33:40] El backend termino inesperadamente con codigo 126. Reiniciando en 1 segundo.
/home/juan-carlos-cruz/Documentos/Proyectos/Proyecto-I-ADAII/Proyecto-I-ADA-II/backend/scripts/supervisar_backend.sh: línea 40: /home/juan-carlos-cruz/Documentos/Proyectos/Proyecto-I-ADAII/Proyecto-I-ADA-II/backend/bin/riego_backend: no se puede ejecutar el fichero binario: Formato de ejecutable incorrecto
[2026-05-18 14:33:41] El backend termino inesperadamente con codigo 126. Reiniciando en 1 segundo.
/home/juan-carlos-cruz/Documentos/Proyectos/Proyecto-I-ADAII/Proyecto-I-ADA-II/backend/scripts/supervisar_backend.sh: línea 40: /home/juan-carlos-cruz/Documentos/Proyectos/Proyecto-I-ADAII/Proyecto-I-ADA-II/backend/bin/riego_backend: no se puede ejecutar el fichero binario: Formato de ejecutable incorrecto
[2026-05-18 14:33:42] El backend termino inesperadamente con codigo 126. Reiniciando en 1 segundo.
/home/juan-carlos-cruz/Documentos/Proyectos/Proyecto-I-ADAII/Proyecto-I-ADA-II/backend/scripts/supervisar_backend.sh: línea 40: /home/juan-carlos-cruz/Documentos/Proyectos/Proyecto-I-ADAII/Proyecto-I-ADA-II/backend/bin/riego_backend: no se puede ejecutar el fichero binario: Formato de ejecutable incorrecto
[2026-05-18 14:33:43] El backend termino inesperadamente con codigo 126. Reiniciando en 1 segundo.
/home/juan-carlos-cruz/Documentos/Proyectos/Proyecto-I-ADAII/Proyecto-I-ADA-II/backend/scripts/supervisar_backend.sh: línea 40: /home/juan-carlos-cruz/Documentos/Proyectos/Proyecto-I-ADAII/Proyecto-I-ADA-II/backend/bin/riego_backend: no se puede ejecutar el fichero binario: Formato de ejecutable incorrecto
[2026-05-18 14:33:44] El backend termino inesperadamente con codigo 126. Reiniciando en 1 segundo.
/home/juan-carlos-cruz/Documentos/Proyectos/Proyecto-I-ADAII/Proyecto-I-ADA-II/backend/scripts/supervisar_backend.sh: línea 40: /home/juan-carlos-cruz/Documentos/Proyectos/Proyecto-I-ADAII/Proyecto-I-ADA-II/backend/bin/riego_backend: no se puede ejecutar el fichero binario: Formato de ejecutable incorrecto
[2026-05-18 14:33:45] El backend termino inesperadamente con codigo 126. Reiniciando en 1 segundo.
/home/juan-carlos-cruz/Documentos/Proyectos/Proyecto-I-ADAII/Proyecto-I-ADA-II/backend/scripts/supervisar_backend.sh: línea 40: /home/juan-carlos-cruz/Documentos/Proyectos/Proyecto-I-ADAII/Proyecto-I-ADA-II/backend/bin/riego_backend: no se puede ejecutar el fichero binario: Formato de ejecutable incorrecto
[2026-05-18 14:33:46] El backend termino inesperadamente con codigo 126. Reiniciando en 1 segundo.
/home/juan-carlos-cruz/Documentos/Proyectos/Proyecto-I-ADAII/Proyecto-I-ADA-II/backend/scripts/supervisar_backend.sh: línea 40: /home/juan-carlos-cruz/Documentos/Proyectos/Proyecto-I-ADAII/Proyecto-I-ADA-II/backend/bin/riego_backend: no se puede ejecutar el fichero binario: Formato de ejecutable incorrecto
[2026-05-18 14:33:47] El backend termino inesperadamente con codigo 126. Reiniciando en 1 segundo.
/home/juan-carlos-cruz/Documentos/Proyectos/Proyecto-I-ADAII/Proyecto-I-ADA-II/backend/scripts/supervisar_backend.sh: línea 40: /home/juan-carlos-cruz/Documentos/Proyectos/Proyecto-I-ADAII/Proyecto-I-ADA-II/backend/bin/riego_backend: no se puede ejecutar el fichero binario: Formato de ejecutable incorrecto
[2026-05-18 14:33:48] El backend termino inesperadamente con codigo 126. Reiniciando en 1 segundo.
/home/juan-carlos-cruz/Documentos/Proyectos/Proyecto-I-ADAII/Proyecto-I-ADA-II/backend/scripts/supervisar_backend.sh: línea 40: /home/juan-carlos-cruz/Documentos/Proyectos/Proyecto-I-ADAII/Proyecto-I-ADA-II/backend/bin/riego_backend: no se puede ejecutar el fichero binario: Formato de ejecutable incorrecto
[2026-05-18 14:33:49] El backend termino inesperadamente con codigo 126. Reiniciando en 1 segundo.
/home/juan-carlos-cruz/Documentos/Proyectos/Proyecto-I-ADAII/Proyecto-I-ADA-II/backend/scripts/supervisar_backend.sh: línea 40: /home/juan-carlos-cruz/Documentos/Proyectos/Proyecto-I-ADAII/Proyecto-I-ADA-II/backend/bin/riego_backend: no se puede ejecutar el fichero binario: Formato de ejecutable incorrecto
[2026-05-18 14:33:50] El backend termino inesperadamente con codigo 126. Reiniciando en 1 segundo.
/home/juan-carlos-cruz/Documentos/Proyectos/Proyecto-I-ADAII/Proyecto-I-ADA-II/backend/scripts/supervisar_backend.sh: línea 40: /home/juan-carlos-cruz/Documentos/Proyectos/Proyecto-I-ADAII/Proyecto-I-ADA-II/backend/bin/riego_backend: no se puede ejecutar el fichero binario: Formato de ejecutable incorrecto
[2026-05-18 14:33:51] El backend termino inesperadamente con codigo 126. Reiniciando en 1 segundo.
/home/juan-carlos-cruz/Documentos/Proyectos/Proyecto-I-ADAII/Proyecto-I-ADA-II/backend/scripts/supervisar_backend.sh: línea 40: /home/juan-carlos-cruz/Documentos/Proyectos/Proyecto-I-ADAII/Proyecto-I-ADA-II/backend/bin/riego_backend: no se puede ejecutar el fichero binario: Formato de ejecutable incorrecto
[2026-05-18 14:33:52] El backend termino inesperadamente con codigo 126. Reiniciando en 1 segundo.
/home/juan-carlos-cruz/Documentos/Proyectos/Proyecto-I-ADAII/Proyecto-I-ADA-II/backend/scripts/supervisar_backend.sh: línea 40: /home/juan-carlos-cruz/Documentos/Proyectos/Proyecto-I-ADAII/Proyecto-I-ADA-II/backend/bin/riego_backend: no se puede ejecutar el fichero binario: Formato de ejecutable incorrecto
[2026-05-18 14:33:53] El backend termino inesperadamente con codigo 126. Reiniciando en 1 segundo.
/home/juan-carlos-cruz/Documentos/Proyectos/Proyecto-I-ADAII/Proyecto-I-ADA-II/backend/scripts/supervisar_backend.sh: línea 40: /home/juan-carlos-cruz/Documentos/Proyectos/Proyecto-I-ADAII/Proyecto-I-ADA-II/backend/bin/riego_backend: no se puede ejecutar el fichero binario: Formato de ejecutable incorrecto
[2026-05-18 14:33:54] El backend termino inesperadamente con codigo 126. Reiniciando en 1 segundo.
/home/juan-carlos-cruz/Documentos/Proyectos/Proyecto-I-ADAII/Proyecto-I-ADA-II/backend/scripts/supervisar_backend.sh: línea 40: /home/juan-carlos-cruz/Documentos/Proyectos/Proyecto-I-ADAII/Proyecto-I-ADA-II/backend/bin/riego_backend: no se puede ejecutar el fichero binario: Formato de ejecutable incorrecto
[2026-05-18 14:33:55] El backend termino inesperadamente con codigo 126. Reiniciando en 1 segundo.
/home/juan-carlos-cruz/Documentos/Proyectos/Proyecto-I-ADAII/Proyecto-I-ADA-II/backend/scripts/supervisar_backend.sh: línea 40: /home/juan-carlos-cruz/Documentos/Proyectos/Proyecto-I-ADAII/Proyecto-I-ADA-II/backend/bin/riego_backend: no se puede ejecutar el fichero binario: Formato de ejecutable incorrecto
[2026-05-18 14:33:56] El backend termino inesperadamente con codigo 126. Reiniciando en 1 segundo.
/home/juan-carlos-cruz/Documentos/Proyectos/Proyecto-I-ADAII/Proyecto-I-ADA-II/backend/scripts/supervisar_backend.sh: línea 40: /home/juan-carlos-cruz/Documentos/Proyectos/Proyecto-I-ADAII/Proyecto-I-ADA-II/backend/bin/riego_backend: no se puede ejecutar el fichero binario: Formato de ejecutable incorrecto
[2026-05-18 14:33:57] El backend termino inesperadamente con codigo 126. Reiniciando en 1 segundo.
/home/juan-carlos-cruz/Documentos/Proyectos/Proyecto-I-ADAII/Proyecto-I-ADA-II/backend/scripts/supervisar_backend.sh: línea 40: /home/juan-carlos-cruz/Documentos/Proyectos/Proyecto-I-ADAII/Proyecto-I-ADA-II/backend/bin/riego_backend: no se puede ejecutar el fichero binario: Formato de ejecutable incorrecto
[2026-05-18 14:33:58] El backend termino inesperadamente con codigo 126. Reiniciando en 1 segundo.
/home/juan-carlos-cruz/Documentos/Proyectos/Proyecto-I-ADAII/Proyecto-I-ADA-II/backend/scripts/supervisar_backend.sh: línea 40: /home/juan-carlos-cruz/Documentos/Proyectos/Proyecto-I-ADAII/Proyecto-I-ADA-II/backend/bin/riego_backend: no se puede ejecutar el fichero binario: Formato de ejecutable incorrecto
[2026-05-18 14:33:59] El backend termino inesperadamente con codigo 126. Reiniciando en 1 segundo.
/home/juan-carlos-cruz/Documentos/Proyectos/Proyecto-I-ADAII/Proyecto-I-ADA-II/backend/scripts/supervisar_backend.sh: línea 40: /home/juan-carlos-cruz/Documentos/Proyectos/Proyecto-I-ADAII/Proyecto-I-ADA-II/backend/bin/riego_backend: no se puede ejecutar el fichero binario: Formato de ejecutable incorrecto
/home/juan-carlos-cruz/Documentos/Proyectos/Proyecto-I-ADAII/Proyecto-I-ADA-II/backend/scripts/supervisar_backend.sh: línea 40: /home/juan-carlos-cruz/Documentos/Proyectos/Proyecto-I-ADAII/Proyecto-I-ADA-II/backend/bin/riego_backend: no se puede ejecutar el fichero binario: Formato de ejecutable incorrecto
[2026-05-18 14:34:00] El backend termino inesperadamente con codigo 126. Reiniciando en 1 segundo.
/home/juan-carlos-cruz/Documentos/Proyectos/Proyecto-I-ADAII/Proyecto-I-ADA-II/backend/scripts/supervisar_backend.sh: línea 40: /home/juan-carlos-cruz/Documentos/Proyectos/Proyecto-I-ADAII/Proyecto-I-ADA-II/backend/bin/riego_backend: no se puede ejecutar el fichero binario: Formato de ejecutable incorrecto
[2026-05-18 14:34:01] El backend termino inesperadamente con codigo 126. Reiniciando en 1 segundo.
/home/juan-carlos-cruz/Documentos/Proyectos/Proyecto-I-ADAII/Proyecto-I-ADA-II/backend/scripts/supervisar_backend.sh: línea 40: /home/juan-carlos-cruz/Documentos/Proyectos/Proyecto-I-ADAII/Proyecto-I-ADA-II/backend/bin/riego_backend: no se puede ejecutar el fichero binario: Formato de ejecutable incorrecto
[2026-05-18 14:34:02] El backend termino inesperadamente con codigo 126. Reiniciando en 1 segundo.
/home/juan-carlos-cruz/Documentos/Proyectos/Proyecto-I-ADAII/Proyecto-I-ADA-II/backend/scripts/supervisar_backend.sh: línea 40: /home/juan-carlos-cruz/Documentos/Proyectos/Proyecto-I-ADAII/Proyecto-I-ADA-II/backend/bin/riego_backend: no se puede ejecutar el fichero binario: Formato de ejecutable incorrecto
[2026-05-18 14:34:03] El backend termino inesperadamente con codigo 126. Reiniciando en 1 segundo.
/home/juan-carlos-cruz/Documentos/Proyectos/Proyecto-I-ADAII/Proyecto-I-ADA-II/backend/scripts/supervisar_backend.sh: línea 40: /home/juan-carlos-cruz/Documentos/Proyectos/Proyecto-I-ADAII/Proyecto-I-ADA-II/backend/bin/riego_backend: no se puede ejecutar el fichero binario: Formato de ejecutable incorrecto
[2026-05-18 14:34:04] El backend termino inesperadamente con codigo 126. Reiniciando en 1 segundo.
/home/juan-carlos-cruz/Documentos/Proyectos/Proyecto-I-ADAII/Proyecto-I-ADA-II/backend/scripts/supervisar_backend.sh: línea 40: /home/juan-carlos-cruz/Documentos/Proyectos/Proyecto-I-ADAII/Proyecto-I-ADA-II/backend/bin/riego_backend: no se puede ejecutar el fichero binario: Formato de ejecutable incorrecto
[2026-05-18 14:34:05] El backend termino inesperadamente con codigo 126. Reiniciando en 1 segundo.
/home/juan-carlos-cruz/Documentos/Proyectos/Proyecto-I-ADAII/Proyecto-I-ADA-II/backend/scripts/supervisar_backend.sh: línea 40: /home/juan-carlos-cruz/Documentos/Proyectos/Proyecto-I-ADAII/Proyecto-I-ADA-II/backend/bin/riego_backend: no se puede ejecutar el fichero binario: Formato de ejecutable incorrecto
[2026-05-18 14:34:06] El backend termino inesperadamente con codigo 126. Reiniciando en 1 segundo.
/home/juan-carlos-cruz/Documentos/Proyectos/Proyecto-I-ADAII/Proyecto-I-ADA-II/backend/scripts/supervisar_backend.sh: línea 40: /home/juan-carlos-cruz/Documentos/Proyectos/Proyecto-I-ADAII/Proyecto-I-ADA-II/backend/bin/riego_backend: no se puede ejecutar el fichero binario: Formato de ejecutable incorrecto
[2026-05-18 14:34:07] El backend termino inesperadamente con codigo 126. Reiniciando en 1 segundo.
/home/juan-carlos-cruz/Documentos/Proyectos/Proyecto-I-ADAII/Proyecto-I-ADA-II/backend/scripts/supervisar_backend.sh: línea 40: /home/juan-carlos-cruz/Documentos/Proyectos/Proyecto-I-ADAII/Proyecto-I-ADA-II/backend/bin/riego_backend: no se puede ejecutar el fichero binario: Formato de ejecutable incorrecto
[2026-05-18 14:34:08] El backend termino inesperadamente con codigo 126. Reiniciando en 1 segundo.
/home/juan-carlos-cruz/Documentos/Proyectos/Proyecto-I-ADAII/Proyecto-I-ADA-II/backend/scripts/supervisar_backend.sh: línea 40: /home/juan-carlos-cruz/Documentos/Proyectos/Proyecto-I-ADAII/Proyecto-I-ADA-II/backend/bin/riego_backend: no se puede ejecutar el fichero binario: Formato de ejecutable incorrecto
[2026-05-18 14:34:09] El backend termino inesperadamente con codigo 126. Reiniciando en 1 segundo.
/home/juan-carlos-cruz/Documentos/Proyectos/Proyecto-I-ADAII/Proyecto-I-ADA-II/backend/scripts/supervisar_backend.sh: línea 40: /home/juan-carlos-cruz/Documentos/Proyectos/Proyecto-I-ADAII/Proyecto-I-ADA-II/backend/bin/riego_backend: no se puede ejecutar el fichero binario: Formato de ejecutable incorrecto
[2026-05-18 14:34:10] El backend termino inesperadamente con codigo 126. Reiniciando en 1 segundo.
/home/juan-carlos-cruz/Documentos/Proyectos/Proyecto-I-ADAII/Proyecto-I-ADA-II/backend/scripts/supervisar_backend.sh: línea 40: /home/juan-carlos-cruz/Documentos/Proyectos/Proyecto-I-ADAII/Proyecto-I-ADA-II/backend/bin/riego_backend: no se puede ejecutar el fichero binario: Formato de ejecutable incorrecto
[2026-05-18 14:34:11] El backend termino inesperadamente con codigo 126. Reiniciando en 1 segundo.
/home/juan-carlos-cruz/Documentos/Proyectos/Proyecto-I-ADAII/Proyecto-I-ADA-II/backend/scripts/supervisar_backend.sh: línea 40: /home/juan-carlos-cruz/Documentos/Proyectos/Proyecto-I-ADAII/Proyecto-I-ADA-II/backend/bin/riego_backend: no se puede ejecutar el fichero binario: Formato de ejecutable incorrecto
[2026-05-18 14:34:12] El backend termino inesperadamente con codigo 126. Reiniciando en 1 segundo.
/home/juan-carlos-cruz/Documentos/Proyectos/Proyecto-I-ADAII/Proyecto-I-ADA-II/backend/scripts/supervisar_backend.sh: línea 40: /home/juan-carlos-cruz/Documentos/Proyectos/Proyecto-I-ADAII/Proyecto-I-ADA-II/backend/bin/riego_backend: no se puede ejecutar el fichero binario: Formato de ejecutable incorrecto
[2026-05-18 14:34:13] El backend termino inesperadamente con codigo 126. Reiniciando en 1 segundo.
/home/juan-carlos-cruz/Documentos/Proyectos/Proyecto-I-ADAII/Proyecto-I-ADA-II/backend/scripts/supervisar_backend.sh: línea 40: /home/juan-carlos-cruz/Documentos/Proyectos/Proyecto-I-ADAII/Proyecto-I-ADA-II/backend/bin/riego_backend: no se puede ejecutar el fichero binario: Formato de ejecutable incorrecto
[2026-05-18 14:34:14] El backend termino inesperadamente con codigo 126. Reiniciando en 1 segundo.
/home/juan-carlos-cruz/Documentos/Proyectos/Proyecto-I-ADAII/Proyecto-I-ADA-II/backend/scripts/supervisar_backend.sh: línea 40: /home/juan-carlos-cruz/Documentos/Proyectos/Proyecto-I-ADAII/Proyecto-I-ADA-II/backend/bin/riego_backend: no se puede ejecutar el fichero binario: Formato de ejecutable incorrecto
[2026-05-18 14:34:15] El backend termino inesperadamente con codigo 126. Reiniciando en 1 segundo.
/home/juan-carlos-cruz/Documentos/Proyectos/Proyecto-I-ADAII/Proyecto-I-ADA-II/backend/scripts/supervisar_backend.sh: línea 40: /home/juan-carlos-cruz/Documentos/Proyectos/Proyecto-I-ADAII/Proyecto-I-ADA-II/backend/bin/riego_backend: no se puede ejecutar el fichero binario: Formato de ejecutable incorrecto
[2026-05-18 14:34:16] El backend termino inesperadamente con codigo 126. Reiniciando en 1 segundo.
/home/juan-carlos-cruz/Documentos/Proyectos/Proyecto-I-ADAII/Proyecto-I-ADA-II/backend/scripts/supervisar_backend.sh: línea 40: /home/juan-carlos-cruz/Documentos/Proyectos/Proyecto-I-ADAII/Proyecto-I-ADA-II/backend/bin/riego_backend: no se puede ejecutar el fichero binario: Formato de ejecutable incorrecto
[2026-05-18 14:34:17] El backend termino inesperadamente con codigo 126. Reiniciando en 1 segundo.
/home/juan-carlos-cruz/Documentos/Proyectos/Proyecto-I-ADAII/Proyecto-I-ADA-II/backend/scripts/supervisar_backend.sh: línea 40: /home/juan-carlos-cruz/Documentos/Proyectos/Proyecto-I-ADAII/Proyecto-I-ADA-II/backend/bin/riego_backend: no se puede ejecutar el fichero binario: Formato de ejecutable incorrecto
[2026-05-18 14:34:18] El backend termino inesperadamente con codigo 126. Reiniciando en 1 segundo.
/home/juan-carlos-cruz/Documentos/Proyectos/Proyecto-I-ADAII/Proyecto-I-ADA-II/backend/scripts/supervisar_backend.sh: línea 40: /home/juan-carlos-cruz/Documentos/Proyectos/Proyecto-I-ADAII/Proyecto-I-ADA-II/backend/bin/riego_backend: no se puede ejecutar el fichero binario: Formato de ejecutable incorrecto
[2026-05-18 14:34:20] El backend termino inesperadamente con codigo 126. Reiniciando en 1 segundo.
/home/juan-carlos-cruz/Documentos/Proyectos/Proyecto-I-ADAII/Proyecto-I-ADA-II/backend/scripts/supervisar_backend.sh: línea 40: /home/juan-carlos-cruz/Documentos/Proyectos/Proyecto-I-ADAII/Proyecto-I-ADA-II/backend/bin/riego_backend: no se puede ejecutar el fichero binario: Formato de ejecutable incorrecto
[2026-05-18 14:34:21] El backend termino inesperadamente con codigo 126. Reiniciando en 1 segundo.
/home/juan-carlos-cruz/Documentos/Proyectos/Proyecto-I-ADAII/Proyecto-I-ADA-II/backend/scripts/supervisar_backend.sh: línea 40: /home/juan-carlos-cruz/Documentos/Proyectos/Proyecto-I-ADAII/Proyecto-I-ADA-II/backend/bin/riego_backend: no se puede ejecutar el fichero binario: Formato de ejecutable incorrecto
[2026-05-18 14:34:22] El backend termino inesperadamente con codigo 126. Reiniciando en 1 segundo.
/home/juan-carlos-cruz/Documentos/Proyectos/Proyecto-I-ADAII/Proyecto-I-ADA-II/backend/scripts/supervisar_backend.sh: línea 40: /home/juan-carlos-cruz/Documentos/Proyectos/Proyecto-I-ADAII/Proyecto-I-ADA-II/backend/bin/riego_backend: no se puede ejecutar el fichero binario: Formato de ejecutable incorrecto
[2026-05-18 14:34:23] El backend termino inesperadamente con codigo 126. Reiniciando en 1 segundo.
/home/juan-carlos-cruz/Documentos/Proyectos/Proyecto-I-ADAII/Proyecto-I-ADA-II/backend/scripts/supervisar_backend.sh: línea 40: /home/juan-carlos-cruz/Documentos/Proyectos/Proyecto-I-ADAII/Proyecto-I-ADA-II/backend/bin/riego_backend: no se puede ejecutar el fichero binario: Formato de ejecutable incorrecto
[2026-05-18 14:34:24] El backend termino inesperadamente con codigo 126. Reiniciando en 1 segundo.
/home/juan-carlos-cruz/Documentos/Proyectos/Proyecto-I-ADAII/Proyecto-I-ADA-II/backend/scripts/supervisar_backend.sh: línea 40: /home/juan-carlos-cruz/Documentos/Proyectos/Proyecto-I-ADAII/Proyecto-I-ADA-II/backend/bin/riego_backend: no se puede ejecutar el fichero binario: Formato de ejecutable incorrecto
[2026-05-18 14:34:25] El backend termino inesperadamente con codigo 126. Reiniciando en 1 segundo.
/home/juan-carlos-cruz/Documentos/Proyectos/Proyecto-I-ADAII/Proyecto-I-ADA-II/backend/scripts/supervisar_backend.sh: línea 40: /home/juan-carlos-cruz/Documentos/Proyectos/Proyecto-I-ADAII/Proyecto-I-ADA-II/backend/bin/riego_backend: no se puede ejecutar el fichero binario: Formato de ejecutable incorrecto
[2026-05-18 14:34:26] El backend termino inesperadamente con codigo 126. Reiniciando en 1 segundo.
/home/juan-carlos-cruz/Documentos/Proyectos/Proyecto-I-ADAII/Proyecto-I-ADA-II/backend/scripts/supervisar_backend.sh: línea 40: /home/juan-carlos-cruz/Documentos/Proyectos/Proyecto-I-ADAII/Proyecto-I-ADA-II/backend/bin/riego_backend: no se puede ejecutar el fichero binario: Formato de ejecutable incorrecto
[2026-05-18 14:34:27] El backend termino inesperadamente con codigo 126. Reiniciando en 1 segundo.
/home/juan-carlos-cruz/Documentos/Proyectos/Proyecto-I-ADAII/Proyecto-I-ADA-II/backend/scripts/supervisar_backend.sh: línea 40: /home/juan-carlos-cruz/Documentos/Proyectos/Proyecto-I-ADAII/Proyecto-I-ADA-II/backend/bin/riego_backend: no se puede ejecutar el fichero binario: Formato de ejecutable incorrecto
[2026-05-18 14:34:28] El backend termino inesperadamente con codigo 126. Reiniciando en 1 segundo.
/home/juan-carlos-cruz/Documentos/Proyectos/Proyecto-I-ADAII/Proyecto-I-ADA-II/backend/scripts/supervisar_backend.sh: línea 40: /home/juan-carlos-cruz/Documentos/Proyectos/Proyecto-I-ADAII/Proyecto-I-ADA-II/backend/bin/riego_backend: no se puede ejecutar el fichero binario: Formato de ejecutable incorrecto
[2026-05-18 14:34:29] El backend termino inesperadamente con codigo 126. Reiniciando en 1 segundo.
/home/juan-carlos-cruz/Documentos/Proyectos/Proyecto-I-ADAII/Proyecto-I-ADA-II/backend/scripts/supervisar_backend.sh: línea 40: /home/juan-carlos-cruz/Documentos/Proyectos/Proyecto-I-ADAII/Proyecto-I-ADA-II/backend/bin/riego_backend: no se puede ejecutar el fichero binario: Formato de ejecutable incorrecto
[2026-05-18 14:34:30] El backend termino inesperadamente con codigo 126. Reiniciando en 1 segundo.
/home/juan-carlos-cruz/Documentos/Proyectos/Proyecto-I-ADAII/Proyecto-I-ADA-II/backend/scripts/supervisar_backend.sh: línea 40: /home/juan-carlos-cruz/Documentos/Proyectos/Proyecto-I-ADAII/Proyecto-I-ADA-II/backend/bin/riego_backend: no se puede ejecutar el fichero binario: Formato de ejecutable incorrecto
[2026-05-18 14:34:31] El backend termino inesperadamente con codigo 126. Reiniciando en 1 segundo.
/home/juan-carlos-cruz/Documentos/Proyectos/Proyecto-I-ADAII/Proyecto-I-ADA-II/backend/scripts/supervisar_backend.sh: línea 40: /home/juan-carlos-cruz/Documentos/Proyectos/Proyecto-I-ADAII/Proyecto-I-ADA-II/backend/bin/riego_backend: no se puede ejecutar el fichero binario: Formato de ejecutable incorrecto
[2026-05-18 14:34:32] El backend termino inesperadamente con codigo 126. Reiniciando en 1 segundo.
/home/juan-carlos-cruz/Documentos/Proyectos/Proyecto-I-ADAII/Proyecto-I-ADA-II/backend/scripts/supervisar_backend.sh: línea 40: /home/juan-carlos-cruz/Documentos/Proyectos/Proyecto-I-ADAII/Proyecto-I-ADA-II/backend/bin/riego_backend: no se puede ejecutar el fichero binario: Formato de ejecutable incorrecto
[2026-05-18 14:34:33] El backend termino inesperadamente con codigo 126. Reiniciando en 1 segundo.
/home/juan-carlos-cruz/Documentos/Proyectos/Proyecto-I-ADAII/Proyecto-I-ADA-II/backend/scripts/supervisar_backend.sh: línea 40: /home/juan-carlos-cruz/Documentos/Proyectos/Proyecto-I-ADAII/Proyecto-I-ADA-II/backend/bin/riego_backend: no se puede ejecutar el fichero binario: Formato de ejecutable incorrecto
[2026-05-18 14:34:34] El backend termino inesperadamente con codigo 126. Reiniciando en 1 segundo.
/home/juan-carlos-cruz/Documentos/Proyectos/Proyecto-I-ADAII/Proyecto-I-ADA-II/backend/scripts/supervisar_backend.sh: línea 40: /home/juan-carlos-cruz/Documentos/Proyectos/Proyecto-I-ADAII/Proyecto-I-ADA-II/backend/bin/riego_backend: no se puede ejecutar el fichero binario: Formato de ejecutable incorrecto
[2026-05-18 14:34:35] El backend termino inesperadamente con codigo 126. Reiniciando en 1 segundo.
/home/juan-carlos-cruz/Documentos/Proyectos/Proyecto-I-ADAII/Proyecto-I-ADA-II/backend/scripts/supervisar_backend.sh: línea 40: /home/juan-carlos-cruz/Documentos/Proyectos/Proyecto-I-ADAII/Proyecto-I-ADA-II/backend/bin/riego_backend: no se puede ejecutar el fichero binario: Formato de ejecutable incorrecto
[2026-05-18 14:34:36] El backend termino inesperadamente con codigo 126. Reiniciando en 1 segundo.
/home/juan-carlos-cruz/Documentos/Proyectos/Proyecto-I-ADAII/Proyecto-I-ADA-II/backend/scripts/supervisar_backend.sh: línea 40: /home/juan-carlos-cruz/Documentos/Proyectos/Proyecto-I-ADAII/Proyecto-I-ADA-II/backend/bin/riego_backend: no se puede ejecutar el fichero binario: Formato de ejecutable incorrecto
[2026-05-18 14:34:37] El backend termino inesperadamente con codigo 126. Reiniciando en 1 segundo.
/home/juan-carlos-cruz/Documentos/Proyectos/Proyecto-I-ADAII/Proyecto-I-ADA-II/backend/scripts/supervisar_backend.sh: línea 40: /home/juan-carlos-cruz/Documentos/Proyectos/Proyecto-I-ADAII/Proyecto-I-ADA-II/backend/bin/riego_backend: no se puede ejecutar el fichero binario: Formato de ejecutable incorrecto
[2026-05-18 14:34:38] El backend termino inesperadamente con codigo 126. Reiniciando en 1 segundo.
/home/juan-carlos-cruz/Documentos/Proyectos/Proyecto-I-ADAII/Proyecto-I-ADA-II/backend/scripts/supervisar_backend.sh: línea 40: /home/juan-carlos-cruz/Documentos/Proyectos/Proyecto-I-ADAII/Proyecto-I-ADA-II/backend/bin/riego_backend: no se puede ejecutar el fichero binario: Formato de ejecutable incorrecto
[2026-05-18 14:34:39] El backend termino inesperadamente con codigo 126. Reiniciando en 1 segundo.
/home/juan-carlos-cruz/Documentos/Proyectos/Proyecto-I-ADAII/Proyecto-I-ADA-II/backend/scripts/supervisar_backend.sh: línea 40: /home/juan-carlos-cruz/Documentos/Proyectos/Proyecto-I-ADAII/Proyecto-I-ADA-II/backend/bin/riego_backend: no se puede ejecutar el fichero binario: Formato de ejecutable incorrecto
[2026-05-18 14:34:40] El backend termino inesperadamente con codigo 126. Reiniciando en 1 segundo.
/home/juan-carlos-cruz/Documentos/Proyectos/Proyecto-I-ADAII/Proyecto-I-ADA-II/backend/scripts/supervisar_backend.sh: línea 40: /home/juan-carlos-cruz/Documentos/Proyectos/Proyecto-I-ADAII/Proyecto-I-ADA-II/backend/bin/riego_backend: no se puede ejecutar el fichero binario: Formato de ejecutable incorrecto
[2026-05-18 14:34:41] El backend termino inesperadamente con codigo 126. Reiniciando en 1 segundo.
/home/juan-carlos-cruz/Documentos/Proyectos/Proyecto-I-ADAII/Proyecto-I-ADA-II/backend/scripts/supervisar_backend.sh: línea 40: /home/juan-carlos-cruz/Documentos/Proyectos/Proyecto-I-ADAII/Proyecto-I-ADA-II/backend/bin/riego_backend: no se puede ejecutar el fichero binario: Formato de ejecutable incorrecto
[2026-05-18 14:34:42] El backend termino inesperadamente con codigo 126. Reiniciando en 1 segundo.
/home/juan-carlos-cruz/Documentos/Proyectos/Proyecto-I-ADAII/Proyecto-I-ADA-II/backend/scripts/supervisar_backend.sh: línea 40: /home/juan-carlos-cruz/Documentos/Proyectos/Proyecto-I-ADAII/Proyecto-I-ADA-II/backend/bin/riego_backend: no se puede ejecutar el fichero binario: Formato de ejecutable incorrecto
[2026-05-18 14:34:43] El backend termino inesperadamente con codigo 126. Reiniciando en 1 segundo.
/home/juan-carlos-cruz/Documentos/Proyectos/Proyecto-I-ADAII/Proyecto-I-ADA-II/backend/scripts/supervisar_backend.sh: línea 40: /home/juan-carlos-cruz/Documentos/Proyectos/Proyecto-I-ADAII/Proyecto-I-ADA-II/backend/bin/riego_backend: no se puede ejecutar el fichero binario: Formato de ejecutable incorrecto
[2026-05-18 14:34:44] El backend termino inesperadamente con codigo 126. Reiniciando en 1 segundo.
/home/juan-carlos-cruz/Documentos/Proyectos/Proyecto-I-ADAII/Proyecto-I-ADA-II/backend/scripts/supervisar_backend.sh: línea 40: /home/juan-carlos-cruz/Documentos/Proyectos/Proyecto-I-ADAII/Proyecto-I-ADA-II/backend/bin/riego_backend: no se puede ejecutar el fichero binario: Formato de ejecutable incorrecto
[2026-05-18 14:34:45] El backend termino inesperadamente con codigo 126. Reiniciando en 1 segundo.
/home/juan-carlos-cruz/Documentos/Proyectos/Proyecto-I-ADAII/Proyecto-I-ADA-II/backend/scripts/supervisar_backend.sh: línea 40: /home/juan-carlos-cruz/Documentos/Proyectos/Proyecto-I-ADAII/Proyecto-I-ADA-II/backend/bin/riego_backend: no se puede ejecutar el fichero binario: Formato de ejecutable incorrecto
[2026-05-18 14:34:46] El backend termino inesperadamente con codigo 126. Reiniciando en 1 segundo.
/home/juan-carlos-cruz/Documentos/Proyectos/Proyecto-I-ADAII/Proyecto-I-ADA-II/backend/scripts/supervisar_backend.sh: línea 40: /home/juan-carlos-cruz/Documentos/Proyectos/Proyecto-I-ADAII/Proyecto-I-ADA-II/backend/bin/riego_backend: no se puede ejecutar el fichero binario: Formato de ejecutable incorrecto
[2026-05-18 14:34:47] El backend termino inesperadamente con codigo 126. Reiniciando en 1 segundo.
/home/juan-carlos-cruz/Documentos/Proyectos/Proyecto-I-ADAII/Proyecto-I-ADA-II/backend/scripts/supervisar_backend.sh: línea 40: /home/juan-carlos-cruz/Documentos/Proyectos/Proyecto-I-ADAII/Proyecto-I-ADA-II/backend/bin/riego_backend: no se puede ejecutar el fichero binario: Formato de ejecutable incorrecto
[2026-05-18 14:34:48] El backend termino inesperadamente con codigo 126. Reiniciando en 1 segundo.
/home/juan-carlos-cruz/Documentos/Proyectos/Proyecto-I-ADAII/Proyecto-I-ADA-II/backend/scripts/supervisar_backend.sh: línea 40: /home/juan-carlos-cruz/Documentos/Proyectos/Proyecto-I-ADAII/Proyecto-I-ADA-II/backend/bin/riego_backend: no se puede ejecutar el fichero binario: Formato de ejecutable incorrecto
[2026-05-18 14:34:49] El backend termino inesperadamente con codigo 126. Reiniciando en 1 segundo.
/home/juan-carlos-cruz/Documentos/Proyectos/Proyecto-I-ADAII/Proyecto-I-ADA-II/backend/scripts/supervisar_backend.sh: línea 40: /home/juan-carlos-cruz/Documentos/Proyectos/Proyecto-I-ADAII/Proyecto-I-ADA-II/backend/bin/riego_backend: no se puede ejecutar el fichero binario: Formato de ejecutable incorrecto
[2026-05-18 14:34:50] El backend termino inesperadamente con codigo 126. Reiniciando en 1 segundo.
/home/juan-carlos-cruz/Documentos/Proyectos/Proyecto-I-ADAII/Proyecto-I-ADA-II/backend/scripts/supervisar_backend.sh: línea 40: /home/juan-carlos-cruz/Documentos/Proyectos/Proyecto-I-ADAII/Proyecto-I-ADA-II/backend/bin/riego_backend: no se puede ejecutar el fichero binario: Formato de ejecutable incorrecto
[2026-05-18 14:34:51] El backend termino inesperadamente con codigo 126. Reiniciando en 1 segundo.
/home/juan-carlos-cruz/Documentos/Proyectos/Proyecto-I-ADAII/Proyecto-I-ADA-II/backend/scripts/supervisar_backend.sh: línea 40: /home/juan-carlos-cruz/Documentos/Proyectos/Proyecto-I-ADAII/Proyecto-I-ADA-II/backend/bin/riego_backend: no se puede ejecutar el fichero binario: Formato de ejecutable incorrecto
[2026-05-18 14:34:52] El backend termino inesperadamente con codigo 126. Reiniciando en 1 segundo.
/home/juan-carlos-cruz/Documentos/Proyectos/Proyecto-I-ADAII/Proyecto-I-ADA-II/backend/scripts/supervisar_backend.sh: línea 40: /home/juan-carlos-cruz/Documentos/Proyectos/Proyecto-I-ADAII/Proyecto-I-ADA-II/backend/bin/riego_backend: no se puede ejecutar el fichero binario: Formato de ejecutable incorrecto
[2026-05-18 14:34:53] El backend termino inesperadamente con codigo 126. Reiniciando en 1 segundo.
/home/juan-carlos-cruz/Documentos/Proyectos/Proyecto-I-ADAII/Proyecto-I-ADA-II/backend/scripts/supervisar_backend.sh: línea 40: /home/juan-carlos-cruz/Documentos/Proyectos/Proyecto-I-ADAII/Proyecto-I-ADA-II/backend/bin/riego_backend: no se puede ejecutar el fichero binario: Formato de ejecutable incorrecto
[2026-05-18 14:34:54] El backend termino inesperadamente con codigo 126. Reiniciando en 1 segundo.
/home/juan-carlos-cruz/Documentos/Proyectos/Proyecto-I-ADAII/Proyecto-I-ADA-II/backend/scripts/supervisar_backend.sh: línea 40: /home/juan-carlos-cruz/Documentos/Proyectos/Proyecto-I-ADAII/Proyecto-I-ADA-II/backend/bin/riego_backend: no se puede ejecutar el fichero binario: Formato de ejecutable incorrecto
[2026-05-18 14:34:55] El backend termino inesperadamente con codigo 126. Reiniciando en 1 segundo.
/home/juan-carlos-cruz/Documentos/Proyectos/Proyecto-I-ADAII/Proyecto-I-ADA-II/backend/scripts/supervisar_backend.sh: línea 40: /home/juan-carlos-cruz/Documentos/Proyectos/Proyecto-I-ADAII/Proyecto-I-ADA-II/backend/bin/riego_backend: no se puede ejecutar el fichero binario: Formato de ejecutable incorrecto
[2026-05-18 14:34:56] El backend termino inesperadamente con codigo 126. Reiniciando en 1 segundo.
/home/juan-carlos-cruz/Documentos/Proyectos/Proyecto-I-ADAII/Proyecto-I-ADA-II/backend/scripts/supervisar_backend.sh: línea 40: /home/juan-carlos-cruz/Documentos/Proyectos/Proyecto-I-ADAII/Proyecto-I-ADA-II/backend/bin/riego_backend: no se puede ejecutar el fichero binario: Formato de ejecutable incorrecto
[2026-05-18 14:34:57] El backend termino inesperadamente con codigo 126. Reiniciando en 1 segundo.
/home/juan-carlos-cruz/Documentos/Proyectos/Proyecto-I-ADAII/Proyecto-I-ADA-II/backend/scripts/supervisar_backend.sh: línea 40: /home/juan-carlos-cruz/Documentos/Proyectos/Proyecto-I-ADAII/Proyecto-I-ADA-II/backend/bin/riego_backend: no se puede ejecutar el fichero binario: Formato de ejecutable incorrecto
[2026-05-18 14:34:58] El backend termino inesperadamente con codigo 126. Reiniciando en 1 segundo.
/home/juan-carlos-cruz/Documentos/Proyectos/Proyecto-I-ADAII/Proyecto-I-ADA-II/backend/scripts/supervisar_backend.sh: línea 40: /home/juan-carlos-cruz/Documentos/Proyectos/Proyecto-I-ADAII/Proyecto-I-ADA-II/backend/bin/riego_backend: no se puede ejecutar el fichero binario: Formato de ejecutable incorrecto
[2026-05-18 14:34:59] El backend termino inesperadamente con codigo 126. Reiniciando en 1 segundo.
/home/juan-carlos-cruz/Documentos/Proyectos/Proyecto-I-ADAII/Proyecto-I-ADA-II/backend/scripts/supervisar_backend.sh: línea 40: /home/juan-carlos-cruz/Documentos/Proyectos/Proyecto-I-ADAII/Proyecto-I-ADA-II/backend/bin/riego_backend: no se puede ejecutar el fichero binario: Formato de ejecutable incorrecto
[2026-05-18 14:35:00] El backend termino inesperadamente con codigo 126. Reiniciando en 1 segundo.
/home/juan-carlos-cruz/Documentos/Proyectos/Proyecto-I-ADAII/Proyecto-I-ADA-II/backend/scripts/supervisar_backend.sh: línea 40: /home/juan-carlos-cruz/Documentos/Proyectos/Proyecto-I-ADAII/Proyecto-I-ADA-II/backend/bin/riego_backend: no se puede ejecutar el fichero binario: Formato de ejecutable incorrecto
[2026-05-18 14:35:01] El backend termino inesperadamente con codigo 126. Reiniciando en 1 segundo.
/home/juan-carlos-cruz/Documentos/Proyectos/Proyecto-I-ADAII/Proyecto-I-ADA-II/backend/scripts/supervisar_backend.sh: línea 40: /home/juan-carlos-cruz/Documentos/Proyectos/Proyecto-I-ADAII/Proyecto-I-ADA-II/backend/bin/riego_backend: no se puede ejecutar el fichero binario: Formato de ejecutable incorrecto
[2026-05-18 14:35:02] El backend termino inesperadamente con codigo 126. Reiniciando en 1 segundo.
/home/juan-carlos-cruz/Documentos/Proyectos/Proyecto-I-ADAII/Proyecto-I-ADA-II/backend/scripts/supervisar_backend.sh: línea 40: /home/juan-carlos-cruz/Documentos/Proyectos/Proyecto-I-ADAII/Proyecto-I-ADA-II/backend/bin/riego_backend: no se puede ejecutar el fichero binario: Formato de ejecutable incorrecto
[2026-05-18 14:35:03] El backend termino inesperadamente con codigo 126. Reiniciando en 1 segundo.
/home/juan-carlos-cruz/Documentos/Proyectos/Proyecto-I-ADAII/Proyecto-I-ADA-II/backend/scripts/supervisar_backend.sh: línea 40: /home/juan-carlos-cruz/Documentos/Proyectos/Proyecto-I-ADAII/Proyecto-I-ADA-II/backend/bin/riego_backend: no se puede ejecutar el fichero binario: Formato de ejecutable incorrecto
[2026-05-18 14:35:04] El backend termino inesperadamente con codigo 126. Reiniciando en 1 segundo.
/home/juan-carlos-cruz/Documentos/Proyectos/Proyecto-I-ADAII/Proyecto-I-ADA-II/backend/scripts/supervisar_backend.sh: línea 40: /home/juan-carlos-cruz/Documentos/Proyectos/Proyecto-I-ADAII/Proyecto-I-ADA-II/backend/bin/riego_backend: no se puede ejecutar el fichero binario: Formato de ejecutable incorrecto
[2026-05-18 14:35:05] El backend termino inesperadamente con codigo 126. Reiniciando en 1 segundo.
/home/juan-carlos-cruz/Documentos/Proyectos/Proyecto-I-ADAII/Proyecto-I-ADA-II/backend/scripts/supervisar_backend.sh: línea 40: /home/juan-carlos-cruz/Documentos/Proyectos/Proyecto-I-ADAII/Proyecto-I-ADA-II/backend/bin/riego_backend: no se puede ejecutar el fichero binario: Formato de ejecutable incorrecto
[2026-05-18 14:35:06] El backend termino inesperadamente con codigo 126. Reiniciando en 1 segundo.
/home/juan-carlos-cruz/Documentos/Proyectos/Proyecto-I-ADAII/Proyecto-I-ADA-II/backend/scripts/supervisar_backend.sh: línea 40: /home/juan-carlos-cruz/Documentos/Proyectos/Proyecto-I-ADAII/Proyecto-I-ADA-II/backend/bin/riego_backend: no se puede ejecutar el fichero binario: Formato de ejecutable incorrecto
[2026-05-18 14:35:07] El backend termino inesperadamente con codigo 126. Reiniciando en 1 segundo.
/home/juan-carlos-cruz/Documentos/Proyectos/Proyecto-I-ADAII/Proyecto-I-ADA-II/backend/scripts/supervisar_backend.sh: línea 40: /home/juan-carlos-cruz/Documentos/Proyectos/Proyecto-I-ADAII/Proyecto-I-ADA-II/backend/bin/riego_backend: no se puede ejecutar el fichero binario: Formato de ejecutable incorrecto
[2026-05-18 14:35:08] El backend termino inesperadamente con codigo 126. Reiniciando en 1 segundo.
/home/juan-carlos-cruz/Documentos/Proyectos/Proyecto-I-ADAII/Proyecto-I-ADA-II/backend/scripts/supervisar_backend.sh: línea 40: /home/juan-carlos-cruz/Documentos/Proyectos/Proyecto-I-ADAII/Proyecto-I-ADA-II/backend/bin/riego_backend: no se puede ejecutar el fichero binario: Formato de ejecutable incorrecto
[2026-05-18 14:35:09] El backend termino inesperadamente con codigo 126. Reiniciando en 1 segundo.
/home/juan-carlos-cruz/Documentos/Proyectos/Proyecto-I-ADAII/Proyecto-I-ADA-II/backend/scripts/supervisar_backend.sh: línea 40: /home/juan-carlos-cruz/Documentos/Proyectos/Proyecto-I-ADAII/Proyecto-I-ADA-II/backend/bin/riego_backend: no se puede ejecutar el fichero binario: Formato de ejecutable incorrecto
[2026-05-18 14:35:10] El backend termino inesperadamente con codigo 126. Reiniciando en 1 segundo.
/home/juan-carlos-cruz/Documentos/Proyectos/Proyecto-I-ADAII/Proyecto-I-ADA-II/backend/scripts/supervisar_backend.sh: línea 40: /home/juan-carlos-cruz/Documentos/Proyectos/Proyecto-I-ADAII/Proyecto-I-ADA-II/backend/bin/riego_backend: no se puede ejecutar el fichero binario: Formato de ejecutable incorrecto
[2026-05-18 14:35:11] El backend termino inesperadamente con codigo 126. Reiniciando en 1 segundo.
/home/juan-carlos-cruz/Documentos/Proyectos/Proyecto-I-ADAII/Proyecto-I-ADA-II/backend/scripts/supervisar_backend.sh: línea 40: /home/juan-carlos-cruz/Documentos/Proyectos/Proyecto-I-ADAII/Proyecto-I-ADA-II/backend/bin/riego_backend: no se puede ejecutar el fichero binario: Formato de ejecutable incorrecto
[2026-05-18 14:35:12] El backend termino inesperadamente con codigo 126. Reiniciando en 1 segundo.
/home/juan-carlos-cruz/Documentos/Proyectos/Proyecto-I-ADAII/Proyecto-I-ADA-II/backend/scripts/supervisar_backend.sh: línea 40: /home/juan-carlos-cruz/Documentos/Proyectos/Proyecto-I-ADAII/Proyecto-I-ADA-II/backend/bin/riego_backend: no se puede ejecutar el fichero binario: Formato de ejecutable incorrecto
[2026-05-18 14:35:13] El backend termino inesperadamente con codigo 126. Reiniciando en 1 segundo.
/home/juan-carlos-cruz/Documentos/Proyectos/Proyecto-I-ADAII/Proyecto-I-ADA-II/backend/scripts/supervisar_backend.sh: línea 40: /home/juan-carlos-cruz/Documentos/Proyectos/Proyecto-I-ADAII/Proyecto-I-ADA-II/backend/bin/riego_backend: no se puede ejecutar el fichero binario: Formato de ejecutable incorrecto
[2026-05-18 14:35:14] El backend termino inesperadamente con codigo 126. Reiniciando en 1 segundo.
/home/juan-carlos-cruz/Documentos/Proyectos/Proyecto-I-ADAII/Proyecto-I-ADA-II/backend/scripts/supervisar_backend.sh: línea 40: /home/juan-carlos-cruz/Documentos/Proyectos/Proyecto-I-ADAII/Proyecto-I-ADA-II/backend/bin/riego_backend: no se puede ejecutar el fichero binario: Formato de ejecutable incorrecto
[2026-05-18 14:35:15] El backend termino inesperadamente con codigo 126. Reiniciando en 1 segundo.
/home/juan-carlos-cruz/Documentos/Proyectos/Proyecto-I-ADAII/Proyecto-I-ADA-II/backend/scripts/supervisar_backend.sh: línea 40: /home/juan-carlos-cruz/Documentos/Proyectos/Proyecto-I-ADAII/Proyecto-I-ADA-II/backend/bin/riego_backend: no se puede ejecutar el fichero binario: Formato de ejecutable incorrecto
[2026-05-18 14:35:16] El backend termino inesperadamente con codigo 126. Reiniciando en 1 segundo.
/home/juan-carlos-cruz/Documentos/Proyectos/Proyecto-I-ADAII/Proyecto-I-ADA-II/backend/scripts/supervisar_backend.sh: línea 40: /home/juan-carlos-cruz/Documentos/Proyectos/Proyecto-I-ADAII/Proyecto-I-ADA-II/backend/bin/riego_backend: no se puede ejecutar el fichero binario: Formato de ejecutable incorrecto
[2026-05-18 14:35:17] El backend termino inesperadamente con codigo 126. Reiniciando en 1 segundo.
/home/juan-carlos-cruz/Documentos/Proyectos/Proyecto-I-ADAII/Proyecto-I-ADA-II/backend/scripts/supervisar_backend.sh: línea 40: /home/juan-carlos-cruz/Documentos/Proyectos/Proyecto-I-ADAII/Proyecto-I-ADA-II/backend/bin/riego_backend: no se puede ejecutar el fichero binario: Formato de ejecutable incorrecto
[2026-05-18 14:35:18] El backend termino inesperadamente con codigo 126. Reiniciando en 1 segundo.
/home/juan-carlos-cruz/Documentos/Proyectos/Proyecto-I-ADAII/Proyecto-I-ADA-II/backend/scripts/supervisar_backend.sh: línea 40: /home/juan-carlos-cruz/Documentos/Proyectos/Proyecto-I-ADAII/Proyecto-I-ADA-II/backend/bin/riego_backend: no se puede ejecutar el fichero binario: Formato de ejecutable incorrecto
[2026-05-18 14:35:19] El backend termino inesperadamente con codigo 126. Reiniciando en 1 segundo.
/home/juan-carlos-cruz/Documentos/Proyectos/Proyecto-I-ADAII/Proyecto-I-ADA-II/backend/scripts/supervisar_backend.sh: línea 40: /home/juan-carlos-cruz/Documentos/Proyectos/Proyecto-I-ADAII/Proyecto-I-ADA-II/backend/bin/riego_backend: no se puede ejecutar el fichero binario: Formato de ejecutable incorrecto
[2026-05-18 14:35:20] El backend termino inesperadamente con codigo 126. Reiniciando en 1 segundo.
/home/juan-carlos-cruz/Documentos/Proyectos/Proyecto-I-ADAII/Proyecto-I-ADA-II/backend/scripts/supervisar_backend.sh: línea 40: /home/juan-carlos-cruz/Documentos/Proyectos/Proyecto-I-ADAII/Proyecto-I-ADA-II/backend/bin/riego_backend: no se puede ejecutar el fichero binario: Formato de ejecutable incorrecto
[2026-05-18 14:35:21] El backend termino inesperadamente con codigo 126. Reiniciando en 1 segundo.
/home/juan-carlos-cruz/Documentos/Proyectos/Proyecto-I-ADAII/Proyecto-I-ADA-II/backend/scripts/supervisar_backend.sh: línea 40: /home/juan-carlos-cruz/Documentos/Proyectos/Proyecto-I-ADAII/Proyecto-I-ADA-II/backend/bin/riego_backend: no se puede ejecutar el fichero binario: Formato de ejecutable incorrecto
[2026-05-18 14:35:22] El backend termino inesperadamente con codigo 126. Reiniciando en 1 segundo.
/home/juan-carlos-cruz/Documentos/Proyectos/Proyecto-I-ADAII/Proyecto-I-ADA-II/backend/scripts/supervisar_backend.sh: línea 40: /home/juan-carlos-cruz/Documentos/Proyectos/Proyecto-I-ADAII/Proyecto-I-ADA-II/backend/bin/riego_backend: no se puede ejecutar el fichero binario: Formato de ejecutable incorrecto
[2026-05-18 14:35:23] El backend termino inesperadamente con codigo 126. Reiniciando en 1 segundo.
/home/juan-carlos-cruz/Documentos/Proyectos/Proyecto-I-ADAII/Proyecto-I-ADA-II/backend/scripts/supervisar_backend.sh: línea 40: /home/juan-carlos-cruz/Documentos/Proyectos/Proyecto-I-ADAII/Proyecto-I-ADA-II/backend/bin/riego_backend: no se puede ejecutar el fichero binario: Formato de ejecutable incorrecto
[2026-05-18 14:35:24] El backend termino inesperadamente con codigo 126. Reiniciando en 1 segundo.
/home/juan-carlos-cruz/Documentos/Proyectos/Proyecto-I-ADAII/Proyecto-I-ADA-II/backend/scripts/supervisar_backend.sh: línea 40: /home/juan-carlos-cruz/Documentos/Proyectos/Proyecto-I-ADAII/Proyecto-I-ADA-II/backend/bin/riego_backend: no se puede ejecutar el fichero binario: Formato de ejecutable incorrecto
[2026-05-18 14:35:25] El backend termino inesperadamente con codigo 126. Reiniciando en 1 segundo.
/home/juan-carlos-cruz/Documentos/Proyectos/Proyecto-I-ADAII/Proyecto-I-ADA-II/backend/scripts/supervisar_backend.sh: línea 40: /home/juan-carlos-cruz/Documentos/Proyectos/Proyecto-I-ADAII/Proyecto-I-ADA-II/backend/bin/riego_backend: no se puede ejecutar el fichero binario: Formato de ejecutable incorrecto
[2026-05-18 14:35:26] El backend termino inesperadamente con codigo 126. Reiniciando en 1 segundo.
/home/juan-carlos-cruz/Documentos/Proyectos/Proyecto-I-ADAII/Proyecto-I-ADA-II/backend/scripts/supervisar_backend.sh: línea 40: /home/juan-carlos-cruz/Documentos/Proyectos/Proyecto-I-ADAII/Proyecto-I-ADA-II/backend/bin/riego_backend: no se puede ejecutar el fichero binario: Formato de ejecutable incorrecto
[2026-05-18 14:35:27] El backend termino inesperadamente con codigo 126. Reiniciando en 1 segundo.
/home/juan-carlos-cruz/Documentos/Proyectos/Proyecto-I-ADAII/Proyecto-I-ADA-II/backend/scripts/supervisar_backend.sh: línea 40: /home/juan-carlos-cruz/Documentos/Proyectos/Proyecto-I-ADAII/Proyecto-I-ADA-II/backend/bin/riego_backend: no se puede ejecutar el fichero binario: Formato de ejecutable incorrecto
[2026-05-18 14:35:28] El backend termino inesperadamente con codigo 126. Reiniciando en 1 segundo.
/home/juan-carlos-cruz/Documentos/Proyectos/Proyecto-I-ADAII/Proyecto-I-ADA-II/backend/scripts/supervisar_backend.sh: línea 40: /home/juan-carlos-cruz/Documentos/Proyectos/Proyecto-I-ADAII/Proyecto-I-ADA-II/backend/bin/riego_backend: no se puede ejecutar el fichero binario: Formato de ejecutable incorrecto
[2026-05-18 14:35:29] El backend termino inesperadamente con codigo 126. Reiniciando en 1 segundo.
/home/juan-carlos-cruz/Documentos/Proyectos/Proyecto-I-ADAII/Proyecto-I-ADA-II/backend/scripts/supervisar_backend.sh: línea 40: /home/juan-carlos-cruz/Documentos/Proyectos/Proyecto-I-ADAII/Proyecto-I-ADA-II/backend/bin/riego_backend: no se puede ejecutar el fichero binario: Formato de ejecutable incorrecto
[2026-05-18 14:35:30] El backend termino inesperadamente con codigo 126. Reiniciando en 1 segundo.
/home/juan-carlos-cruz/Documentos/Proyectos/Proyecto-I-ADAII/Proyecto-I-ADA-II/backend/scripts/supervisar_backend.sh: línea 40: /home/juan-carlos-cruz/Documentos/Proyectos/Proyecto-I-ADAII/Proyecto-I-ADA-II/backend/bin/riego_backend: no se puede ejecutar el fichero binario: Formato de ejecutable incorrecto
[2026-05-18 14:35:31] El backend termino inesperadamente con codigo 126. Reiniciando en 1 segundo.
/home/juan-carlos-cruz/Documentos/Proyectos/Proyecto-I-ADAII/Proyecto-I-ADA-II/backend/scripts/supervisar_backend.sh: línea 40: /home/juan-carlos-cruz/Documentos/Proyectos/Proyecto-I-ADAII/Proyecto-I-ADA-II/backend/bin/riego_backend: no se puede ejecutar el fichero binario: Formato de ejecutable incorrecto
[2026-05-18 14:35:32] El backend termino inesperadamente con codigo 126. Reiniciando en 1 segundo.
/home/juan-carlos-cruz/Documentos/Proyectos/Proyecto-I-ADAII/Proyecto-I-ADA-II/backend/scripts/supervisar_backend.sh: línea 40: /home/juan-carlos-cruz/Documentos/Proyectos/Proyecto-I-ADAII/Proyecto-I-ADA-II/backend/bin/riego_backend: no se puede ejecutar el fichero binario: Formato de ejecutable incorrecto
[2026-05-18 14:35:33] El backend termino inesperadamente con codigo 126. Reiniciando en 1 segundo.
/home/juan-carlos-cruz/Documentos/Proyectos/Proyecto-I-ADAII/Proyecto-I-ADA-II/backend/scripts/supervisar_backend.sh: línea 40: /home/juan-carlos-cruz/Documentos/Proyectos/Proyecto-I-ADAII/Proyecto-I-ADA-II/backend/bin/riego_backend: no se puede ejecutar el fichero binario: Formato de ejecutable incorrecto
[2026-05-18 14:35:34] El backend termino inesperadamente con codigo 126. Reiniciando en 1 segundo.
/home/juan-carlos-cruz/Documentos/Proyectos/Proyecto-I-ADAII/Proyecto-I-ADA-II/backend/scripts/supervisar_backend.sh: línea 40: /home/juan-carlos-cruz/Documentos/Proyectos/Proyecto-I-ADAII/Proyecto-I-ADA-II/backend/bin/riego_backend: no se puede ejecutar el fichero binario: Formato de ejecutable incorrecto
[2026-05-18 14:35:35] El backend termino inesperadamente con codigo 126. Reiniciando en 1 segundo.
/home/juan-carlos-cruz/Documentos/Proyectos/Proyecto-I-ADAII/Proyecto-I-ADA-II/backend/scripts/supervisar_backend.sh: línea 40: /home/juan-carlos-cruz/Documentos/Proyectos/Proyecto-I-ADAII/Proyecto-I-ADA-II/backend/bin/riego_backend: no se puede ejecutar el fichero binario: Formato de ejecutable incorrecto
[2026-05-18 14:35:36] El backend termino inesperadamente con codigo 126. Reiniciando en 1 segundo.
/home/juan-carlos-cruz/Documentos/Proyectos/Proyecto-I-ADAII/Proyecto-I-ADA-II/backend/scripts/supervisar_backend.sh: línea 40: /home/juan-carlos-cruz/Documentos/Proyectos/Proyecto-I-ADAII/Proyecto-I-ADA-II/backend/bin/riego_backend: no se puede ejecutar el fichero binario: Formato de ejecutable incorrecto
[2026-05-18 14:35:37] El backend termino inesperadamente con codigo 126. Reiniciando en 1 segundo.
/home/juan-carlos-cruz/Documentos/Proyectos/Proyecto-I-ADAII/Proyecto-I-ADA-II/backend/scripts/supervisar_backend.sh: línea 40: /home/juan-carlos-cruz/Documentos/Proyectos/Proyecto-I-ADAII/Proyecto-I-ADA-II/backend/bin/riego_backend: no se puede ejecutar el fichero binario: Formato de ejecutable incorrecto
[2026-05-18 14:35:38] El backend termino inesperadamente con codigo 126. Reiniciando en 1 segundo.
/home/juan-carlos-cruz/Documentos/Proyectos/Proyecto-I-ADAII/Proyecto-I-ADA-II/backend/scripts/supervisar_backend.sh: línea 40: /home/juan-carlos-cruz/Documentos/Proyectos/Proyecto-I-ADAII/Proyecto-I-ADA-II/backend/bin/riego_backend: no se puede ejecutar el fichero binario: Formato de ejecutable incorrecto
[2026-05-18 14:35:39] El backend termino inesperadamente con codigo 126. Reiniciando en 1 segundo.
/home/juan-carlos-cruz/Documentos/Proyectos/Proyecto-I-ADAII/Proyecto-I-ADA-II/backend/scripts/supervisar_backend.sh: línea 40: /home/juan-carlos-cruz/Documentos/Proyectos/Proyecto-I-ADAII/Proyecto-I-ADA-II/backend/bin/riego_backend: no se puede ejecutar el fichero binario: Formato de ejecutable incorrecto
[2026-05-18 14:35:40] El backend termino inesperadamente con codigo 126. Reiniciando en 1 segundo.
/home/juan-carlos-cruz/Documentos/Proyectos/Proyecto-I-ADAII/Proyecto-I-ADA-II/backend/scripts/supervisar_backend.sh: línea 40: /home/juan-carlos-cruz/Documentos/Proyectos/Proyecto-I-ADAII/Proyecto-I-ADA-II/backend/bin/riego_backend: no se puede ejecutar el fichero binario: Formato de ejecutable incorrecto
[2026-05-18 14:35:41] El backend termino inesperadamente con codigo 126. Reiniciando en 1 segundo.
/home/juan-carlos-cruz/Documentos/Proyectos/Proyecto-I-ADAII/Proyecto-I-ADA-II/backend/scripts/supervisar_backend.sh: línea 40: /home/juan-carlos-cruz/Documentos/Proyectos/Proyecto-I-ADAII/Proyecto-I-ADA-II/backend/bin/riego_backend: no se puede ejecutar el fichero binario: Formato de ejecutable incorrecto
[2026-05-18 14:35:42] El backend termino inesperadamente con codigo 126. Reiniciando en 1 segundo.
/home/juan-carlos-cruz/Documentos/Proyectos/Proyecto-I-ADAII/Proyecto-I-ADA-II/backend/scripts/supervisar_backend.sh: línea 40: /home/juan-carlos-cruz/Documentos/Proyectos/Proyecto-I-ADAII/Proyecto-I-ADA-II/backend/bin/riego_backend: no se puede ejecutar el fichero binario: Formato de ejecutable incorrecto
[2026-05-18 14:35:43] El backend termino inesperadamente con codigo 126. Reiniciando en 1 segundo.
/home/juan-carlos-cruz/Documentos/Proyectos/Proyecto-I-ADAII/Proyecto-I-ADA-II/backend/scripts/supervisar_backend.sh: línea 40: /home/juan-carlos-cruz/Documentos/Proyectos/Proyecto-I-ADAII/Proyecto-I-ADA-II/backend/bin/riego_backend: no se puede ejecutar el fichero binario: Formato de ejecutable incorrecto
[2026-05-18 14:35:44] El backend termino inesperadamente con codigo 126. Reiniciando en 1 segundo.
/home/juan-carlos-cruz/Documentos/Proyectos/Proyecto-I-ADAII/Proyecto-I-ADA-II/backend/scripts/supervisar_backend.sh: línea 40: /home/juan-carlos-cruz/Documentos/Proyectos/Proyecto-I-ADAII/Proyecto-I-ADA-II/backend/bin/riego_backend: no se puede ejecutar el fichero binario: Formato de ejecutable incorrecto
[2026-05-18 14:35:45] El backend termino inesperadamente con codigo 126. Reiniciando en 1 segundo.
/home/juan-carlos-cruz/Documentos/Proyectos/Proyecto-I-ADAII/Proyecto-I-ADA-II/backend/scripts/supervisar_backend.sh: línea 40: /home/juan-carlos-cruz/Documentos/Proyectos/Proyecto-I-ADAII/Proyecto-I-ADA-II/backend/bin/riego_backend: no se puede ejecutar el fichero binario: Formato de ejecutable incorrecto
[2026-05-18 14:35:46] El backend termino inesperadamente con codigo 126. Reiniciando en 1 segundo.
/home/juan-carlos-cruz/Documentos/Proyectos/Proyecto-I-ADAII/Proyecto-I-ADA-II/backend/scripts/supervisar_backend.sh: línea 40: /home/juan-carlos-cruz/Documentos/Proyectos/Proyecto-I-ADAII/Proyecto-I-ADA-II/backend/bin/riego_backend: no se puede ejecutar el fichero binario: Formato de ejecutable incorrecto
[2026-05-18 14:35:47] El backend termino inesperadamente con codigo 126. Reiniciando en 1 segundo.
/home/juan-carlos-cruz/Documentos/Proyectos/Proyecto-I-ADAII/Proyecto-I-ADA-II/backend/scripts/supervisar_backend.sh: línea 40: /home/juan-carlos-cruz/Documentos/Proyectos/Proyecto-I-ADAII/Proyecto-I-ADA-II/backend/bin/riego_backend: no se puede ejecutar el fichero binario: Formato de ejecutable incorrecto
[2026-05-18 14:35:48] El backend termino inesperadamente con codigo 126. Reiniciando en 1 segundo.
/home/juan-carlos-cruz/Documentos/Proyectos/Proyecto-I-ADAII/Proyecto-I-ADA-II/backend/scripts/supervisar_backend.sh: línea 40: /home/juan-carlos-cruz/Documentos/Proyectos/Proyecto-I-ADAII/Proyecto-I-ADA-II/backend/bin/riego_backend: no se puede ejecutar el fichero binario: Formato de ejecutable incorrecto
[2026-05-18 14:35:49] El backend termino inesperadamente con codigo 126. Reiniciando en 1 segundo.
/home/juan-carlos-cruz/Documentos/Proyectos/Proyecto-I-ADAII/Proyecto-I-ADA-II/backend/scripts/supervisar_backend.sh: línea 40: /home/juan-carlos-cruz/Documentos/Proyectos/Proyecto-I-ADAII/Proyecto-I-ADA-II/backend/bin/riego_backend: no se puede ejecutar el fichero binario: Formato de ejecutable incorrecto
[2026-05-18 14:35:50] El backend termino inesperadamente con codigo 126. Reiniciando en 1 segundo.
/home/juan-carlos-cruz/Documentos/Proyectos/Proyecto-I-ADAII/Proyecto-I-ADA-II/backend/scripts/supervisar_backend.sh: línea 40: /home/juan-carlos-cruz/Documentos/Proyectos/Proyecto-I-ADAII/Proyecto-I-ADA-II/backend/bin/riego_backend: no se puede ejecutar el fichero binario: Formato de ejecutable incorrecto
[2026-05-18 14:35:51] El backend termino inesperadamente con codigo 126. Reiniciando en 1 segundo.
/home/juan-carlos-cruz/Documentos/Proyectos/Proyecto-I-ADAII/Proyecto-I-ADA-II/backend/scripts/supervisar_backend.sh: línea 40: /home/juan-carlos-cruz/Documentos/Proyectos/Proyecto-I-ADAII/Proyecto-I-ADA-II/backend/bin/riego_backend: no se puede ejecutar el fichero binario: Formato de ejecutable incorrecto
[2026-05-18 14:35:52] El backend termino inesperadamente con codigo 126. Reiniciando en 1 segundo.
/home/juan-carlos-cruz/Documentos/Proyectos/Proyecto-I-ADAII/Proyecto-I-ADA-II/backend/scripts/supervisar_backend.sh: línea 40: /home/juan-carlos-cruz/Documentos/Proyectos/Proyecto-I-ADAII/Proyecto-I-ADA-II/backend/bin/riego_backend: no se puede ejecutar el fichero binario: Formato de ejecutable incorrecto
[2026-05-18 14:35:53] El backend termino inesperadamente con codigo 126. Reiniciando en 1 segundo.
/home/juan-carlos-cruz/Documentos/Proyectos/Proyecto-I-ADAII/Proyecto-I-ADA-II/backend/scripts/supervisar_backend.sh: línea 40: /home/juan-carlos-cruz/Documentos/Proyectos/Proyecto-I-ADAII/Proyecto-I-ADA-II/backend/bin/riego_backend: no se puede ejecutar el fichero binario: Formato de ejecutable incorrecto
[2026-05-18 14:35:54] El backend termino inesperadamente con codigo 126. Reiniciando en 1 segundo.
/home/juan-carlos-cruz/Documentos/Proyectos/Proyecto-I-ADAII/Proyecto-I-ADA-II/backend/scripts/supervisar_backend.sh: línea 40: /home/juan-carlos-cruz/Documentos/Proyectos/Proyecto-I-ADAII/Proyecto-I-ADA-II/backend/bin/riego_backend: no se puede ejecutar el fichero binario: Formato de ejecutable incorrecto
[2026-05-18 14:35:55] El backend termino inesperadamente con codigo 126. Reiniciando en 1 segundo.
/home/juan-carlos-cruz/Documentos/Proyectos/Proyecto-I-ADAII/Proyecto-I-ADA-II/backend/scripts/supervisar_backend.sh: línea 40: /home/juan-carlos-cruz/Documentos/Proyectos/Proyecto-I-ADAII/Proyecto-I-ADA-II/backend/bin/riego_backend: no se puede ejecutar el fichero binario: Formato de ejecutable incorrecto
[2026-05-18 14:35:56] El backend termino inesperadamente con codigo 126. Reiniciando en 1 segundo.
/home/juan-carlos-cruz/Documentos/Proyectos/Proyecto-I-ADAII/Proyecto-I-ADA-II/backend/scripts/supervisar_backend.sh: línea 40: /home/juan-carlos-cruz/Documentos/Proyectos/Proyecto-I-ADAII/Proyecto-I-ADA-II/backend/bin/riego_backend: no se puede ejecutar el fichero binario: Formato de ejecutable incorrecto
[2026-05-18 14:35:57] El backend termino inesperadamente con codigo 126. Reiniciando en 1 segundo.
/home/juan-carlos-cruz/Documentos/Proyectos/Proyecto-I-ADAII/Proyecto-I-ADA-II/backend/scripts/supervisar_backend.sh: línea 40: /home/juan-carlos-cruz/Documentos/Proyectos/Proyecto-I-ADAII/Proyecto-I-ADA-II/backend/bin/riego_backend: no se puede ejecutar el fichero binario: Formato de ejecutable incorrecto
[2026-05-18 14:35:58] El backend termino inesperadamente con codigo 126. Reiniciando en 1 segundo.
/home/juan-carlos-cruz/Documentos/Proyectos/Proyecto-I-ADAII/Proyecto-I-ADA-II/backend/scripts/supervisar_backend.sh: línea 40: /home/juan-carlos-cruz/Documentos/Proyectos/Proyecto-I-ADAII/Proyecto-I-ADA-II/backend/bin/riego_backend: no se puede ejecutar el fichero binario: Formato de ejecutable incorrecto
[2026-05-18 14:35:59] El backend termino inesperadamente con codigo 126. Reiniciando en 1 segundo.
/home/juan-carlos-cruz/Documentos/Proyectos/Proyecto-I-ADAII/Proyecto-I-ADA-II/backend/scripts/supervisar_backend.sh: línea 40: /home/juan-carlos-cruz/Documentos/Proyectos/Proyecto-I-ADAII/Proyecto-I-ADA-II/backend/bin/riego_backend: no se puede ejecutar el fichero binario: Formato de ejecutable incorrecto
[2026-05-18 14:36:00] El backend termino inesperadamente con codigo 126. Reiniciando en 1 segundo.
/home/juan-carlos-cruz/Documentos/Proyectos/Proyecto-I-ADAII/Proyecto-I-ADA-II/backend/scripts/supervisar_backend.sh: línea 40: /home/juan-carlos-cruz/Documentos/Proyectos/Proyecto-I-ADAII/Proyecto-I-ADA-II/backend/bin/riego_backend: no se puede ejecutar el fichero binario: Formato de ejecutable incorrecto
[2026-05-18 14:36:01] El backend termino inesperadamente con codigo 126. Reiniciando en 1 segundo.
/home/juan-carlos-cruz/Documentos/Proyectos/Proyecto-I-ADAII/Proyecto-I-ADA-II/backend/scripts/supervisar_backend.sh: línea 40: /home/juan-carlos-cruz/Documentos/Proyectos/Proyecto-I-ADAII/Proyecto-I-ADA-II/backend/bin/riego_backend: no se puede ejecutar el fichero binario: Formato de ejecutable incorrecto
[2026-05-18 14:36:02] El backend termino inesperadamente con codigo 126. Reiniciando en 1 segundo.
/home/juan-carlos-cruz/Documentos/Proyectos/Proyecto-I-ADAII/Proyecto-I-ADA-II/backend/scripts/supervisar_backend.sh: línea 40: /home/juan-carlos-cruz/Documentos/Proyectos/Proyecto-I-ADAII/Proyecto-I-ADA-II/backend/bin/riego_backend: no se puede ejecutar el fichero binario: Formato de ejecutable incorrecto
[2026-05-18 14:36:03] El backend termino inesperadamente con codigo 126. Reiniciando en 1 segundo.
/home/juan-carlos-cruz/Documentos/Proyectos/Proyecto-I-ADAII/Proyecto-I-ADA-II/backend/scripts/supervisar_backend.sh: línea 40: /home/juan-carlos-cruz/Documentos/Proyectos/Proyecto-I-ADAII/Proyecto-I-ADA-II/backend/bin/riego_backend: no se puede ejecutar el fichero binario: Formato de ejecutable incorrecto
[2026-05-18 14:36:04] El backend termino inesperadamente con codigo 126. Reiniciando en 1 segundo.
/home/juan-carlos-cruz/Documentos/Proyectos/Proyecto-I-ADAII/Proyecto-I-ADA-II/backend/scripts/supervisar_backend.sh: línea 40: /home/juan-carlos-cruz/Documentos/Proyectos/Proyecto-I-ADAII/Proyecto-I-ADA-II/backend/bin/riego_backend: no se puede ejecutar el fichero binario: Formato de ejecutable incorrecto
[2026-05-18 14:36:05] El backend termino inesperadamente con codigo 126. Reiniciando en 1 segundo.
/home/juan-carlos-cruz/Documentos/Proyectos/Proyecto-I-ADAII/Proyecto-I-ADA-II/backend/scripts/supervisar_backend.sh: línea 40: /home/juan-carlos-cruz/Documentos/Proyectos/Proyecto-I-ADAII/Proyecto-I-ADA-II/backend/bin/riego_backend: no se puede ejecutar el fichero binario: Formato de ejecutable incorrecto
[2026-05-18 14:36:06] El backend termino inesperadamente con codigo 126. Reiniciando en 1 segundo.
/home/juan-carlos-cruz/Documentos/Proyectos/Proyecto-I-ADAII/Proyecto-I-ADA-II/backend/scripts/supervisar_backend.sh: línea 40: /home/juan-carlos-cruz/Documentos/Proyectos/Proyecto-I-ADAII/Proyecto-I-ADA-II/backend/bin/riego_backend: no se puede ejecutar el fichero binario: Formato de ejecutable incorrecto
[2026-05-18 14:36:07] El backend termino inesperadamente con codigo 126. Reiniciando en 1 segundo.
/home/juan-carlos-cruz/Documentos/Proyectos/Proyecto-I-ADAII/Proyecto-I-ADA-II/backend/scripts/supervisar_backend.sh: línea 40: /home/juan-carlos-cruz/Documentos/Proyectos/Proyecto-I-ADAII/Proyecto-I-ADA-II/backend/bin/riego_backend: no se puede ejecutar el fichero binario: Formato de ejecutable incorrecto
[2026-05-18 14:36:08] El backend termino inesperadamente con codigo 126. Reiniciando en 1 segundo.
/home/juan-carlos-cruz/Documentos/Proyectos/Proyecto-I-ADAII/Proyecto-I-ADA-II/backend/scripts/supervisar_backend.sh: línea 40: /home/juan-carlos-cruz/Documentos/Proyectos/Proyecto-I-ADAII/Proyecto-I-ADA-II/backend/bin/riego_backend: no se puede ejecutar el fichero binario: Formato de ejecutable incorrecto
[2026-05-18 14:36:09] El backend termino inesperadamente con codigo 126. Reiniciando en 1 segundo.
/home/juan-carlos-cruz/Documentos/Proyectos/Proyecto-I-ADAII/Proyecto-I-ADA-II/backend/scripts/supervisar_backend.sh: línea 40: /home/juan-carlos-cruz/Documentos/Proyectos/Proyecto-I-ADAII/Proyecto-I-ADA-II/backend/bin/riego_backend: no se puede ejecutar el fichero binario: Formato de ejecutable incorrecto
[2026-05-18 14:36:11] El backend termino inesperadamente con codigo 126. Reiniciando en 1 segundo.
/home/juan-carlos-cruz/Documentos/Proyectos/Proyecto-I-ADAII/Proyecto-I-ADA-II/backend/scripts/supervisar_backend.sh: línea 40: /home/juan-carlos-cruz/Documentos/Proyectos/Proyecto-I-ADAII/Proyecto-I-ADA-II/backend/bin/riego_backend: no se puede ejecutar el fichero binario: Formato de ejecutable incorrecto
[2026-05-18 14:36:12] El backend termino inesperadamente con codigo 126. Reiniciando en 1 segundo.
/home/juan-carlos-cruz/Documentos/Proyectos/Proyecto-I-ADAII/Proyecto-I-ADA-II/backend/scripts/supervisar_backend.sh: línea 40: /home/juan-carlos-cruz/Documentos/Proyectos/Proyecto-I-ADAII/Proyecto-I-ADA-II/backend/bin/riego_backend: no se puede ejecutar el fichero binario: Formato de ejecutable incorrecto
[2026-05-18 14:36:13] El backend termino inesperadamente con codigo 126. Reiniciando en 1 segundo.
/home/juan-carlos-cruz/Documentos/Proyectos/Proyecto-I-ADAII/Proyecto-I-ADA-II/backend/scripts/supervisar_backend.sh: línea 40: /home/juan-carlos-cruz/Documentos/Proyectos/Proyecto-I-ADAII/Proyecto-I-ADA-II/backend/bin/riego_backend: no se puede ejecutar el fichero binario: Formato de ejecutable incorrecto
[2026-05-18 14:36:14] El backend termino inesperadamente con codigo 126. Reiniciando en 1 segundo.
/home/juan-carlos-cruz/Documentos/Proyectos/Proyecto-I-ADAII/Proyecto-I-ADA-II/backend/scripts/supervisar_backend.sh: línea 40: /home/juan-carlos-cruz/Documentos/Proyectos/Proyecto-I-ADAII/Proyecto-I-ADA-II/backend/bin/riego_backend: no se puede ejecutar el fichero binario: Formato de ejecutable incorrecto
[2026-05-18 14:36:15] El backend termino inesperadamente con codigo 126. Reiniciando en 1 segundo.
/home/juan-carlos-cruz/Documentos/Proyectos/Proyecto-I-ADAII/Proyecto-I-ADA-II/backend/scripts/supervisar_backend.sh: línea 40: /home/juan-carlos-cruz/Documentos/Proyectos/Proyecto-I-ADAII/Proyecto-I-ADA-II/backend/bin/riego_backend: no se puede ejecutar el fichero binario: Formato de ejecutable incorrecto
[2026-05-18 14:36:16] El backend termino inesperadamente con codigo 126. Reiniciando en 1 segundo.
/home/juan-carlos-cruz/Documentos/Proyectos/Proyecto-I-ADAII/Proyecto-I-ADA-II/backend/scripts/supervisar_backend.sh: línea 40: /home/juan-carlos-cruz/Documentos/Proyectos/Proyecto-I-ADAII/Proyecto-I-ADA-II/backend/bin/riego_backend: no se puede ejecutar el fichero binario: Formato de ejecutable incorrecto
[2026-05-18 14:36:17] El backend termino inesperadamente con codigo 126. Reiniciando en 1 segundo.
/home/juan-carlos-cruz/Documentos/Proyectos/Proyecto-I-ADAII/Proyecto-I-ADA-II/backend/scripts/supervisar_backend.sh: línea 40: /home/juan-carlos-cruz/Documentos/Proyectos/Proyecto-I-ADAII/Proyecto-I-ADA-II/backend/bin/riego_backend: no se puede ejecutar el fichero binario: Formato de ejecutable incorrecto
[2026-05-18 14:36:18] El backend termino inesperadamente con codigo 126. Reiniciando en 1 segundo.
/home/juan-carlos-cruz/Documentos/Proyectos/Proyecto-I-ADAII/Proyecto-I-ADA-II/backend/scripts/supervisar_backend.sh: línea 40: /home/juan-carlos-cruz/Documentos/Proyectos/Proyecto-I-ADAII/Proyecto-I-ADA-II/backend/bin/riego_backend: no se puede ejecutar el fichero binario: Formato de ejecutable incorrecto
[2026-05-18 14:36:19] El backend termino inesperadamente con codigo 126. Reiniciando en 1 segundo.
/home/juan-carlos-cruz/Documentos/Proyectos/Proyecto-I-ADAII/Proyecto-I-ADA-II/backend/scripts/supervisar_backend.sh: línea 40: /home/juan-carlos-cruz/Documentos/Proyectos/Proyecto-I-ADAII/Proyecto-I-ADA-II/backend/bin/riego_backend: no se puede ejecutar el fichero binario: Formato de ejecutable incorrecto
