Backend provisional escuchando en http://127.0.0.1:8080
Backend provisional detenido.
[2026-04-25 00:06:05] Iniciando backend en puerto 8080
[2026-04-25 00:06:59] Iniciando backend en puerto 8080
Backend provisional escuchando en http://127.0.0.1:8080
Backend provisional detenido.
[2026-04-25 00:07:48] Iniciando backend en puerto 8080
Backend provisional escuchando en http://127.0.0.1:8080
Backend provisional detenido.
[2026-04-25 00:08:07] Supervisor detenido de forma controlada.
[2026-04-25 00:33:11] Iniciando backend en puerto 8080
Backend provisional escuchando en http://127.0.0.1:8080
Backend provisional detenido.
[2026-04-25 01:55:59] Supervisor detenido de forma controlada.
[2026-04-25 01:56:30] Iniciando backend en puerto 8080
Backend provisional escuchando en http://127.0.0.1:8080
Backend provisional detenido.
[2026-04-25 02:04:11] Supervisor detenido de forma controlada.
[2026-04-25 02:04:17] Iniciando backend en puerto 8080
Backend provisional escuchando en http://127.0.0.1:8080
Backend provisional detenido.
[2026-04-25 02:04:43] Supervisor detenido de forma controlada.
[2026-04-25 02:04:49] Iniciando backend en puerto 8080
Backend provisional escuchando en http://127.0.0.1:8080
Backend provisional detenido.
[2026-04-25 02:05:32] Supervisor detenido de forma controlada.
[2026-04-25 02:05:37] Iniciando backend en puerto 8080
Backend provisional escuchando en http://127.0.0.1:8080
Backend provisional detenido.
[2026-04-25 02:07:15] Supervisor detenido de forma controlada.
[2026-04-25 02:07:20] Iniciando backend en puerto 8080
Backend provisional escuchando en http://127.0.0.1:8080
Backend provisional detenido.
[2026-04-25 02:07:59] Supervisor detenido de forma controlada.
[2026-04-25 02:08:05] Iniciando backend en puerto 8080
Backend provisional escuchando en http://127.0.0.1:8080
Backend provisional detenido.
[2026-04-25 02:08:59] Supervisor detenido de forma controlada.
[2026-04-25 02:09:05] Iniciando backend en puerto 8080
Backend provisional escuchando en http://127.0.0.1:8080
Backend provisional detenido.
[2026-04-25 02:09:21] Supervisor detenido de forma controlada.
[2026-04-25 02:09:29] Iniciando backend en puerto 8080
Backend provisional escuchando en http://127.0.0.1:8080
Backend provisional detenido.
[2026-04-25 02:15:30] Supervisor detenido de forma controlada.
[2026-04-25 02:15:36] Iniciando backend en puerto 8080
Backend provisional escuchando en http://127.0.0.1:8080
Backend provisional detenido.
[2026-04-25 02:16:34] Supervisor detenido de forma controlada.
[2026-04-25 02:16:40] Iniciando backend en puerto 8080
Backend provisional escuchando en http://127.0.0.1:8080
Backend provisional detenido.
[2026-04-25 02:17:13] Supervisor detenido de forma controlada.
[2026-04-25 02:17:19] Iniciando backend en puerto 8080
Backend provisional escuchando en http://127.0.0.1:8080
Backend provisional detenido.
[2026-04-25 02:17:41] Supervisor detenido de forma controlada.
[2026-04-25 02:17:49] Iniciando backend en puerto 8080
Backend provisional escuchando en http://127.0.0.1:8080
Backend provisional detenido.
[2026-04-25 02:18:43] Supervisor detenido de forma controlada.
[2026-04-25 02:18:49] Iniciando backend en puerto 8080
Backend provisional escuchando en http://127.0.0.1:8080
Backend provisional detenido.
[2026-04-25 02:19:19] Supervisor detenido de forma controlada.
[2026-04-25 02:19:25] Iniciando backend en puerto 8080
Backend provisional escuchando en http://127.0.0.1:8080
Backend provisional detenido.
[2026-04-25 02:21:10] Supervisor detenido de forma controlada.
[2026-04-25 02:21:16] Iniciando backend en puerto 8080
Backend provisional escuchando en http://127.0.0.1:8080
Backend provisional detenido.
[2026-04-25 02:22:26] Supervisor detenido de forma controlada.
[2026-04-25 02:22:32] Iniciando backend en puerto 8080
Backend provisional escuchando en http://127.0.0.1:8080
Backend provisional detenido.
[2026-04-25 02:23:44] Supervisor detenido de forma controlada.
[2026-04-25 02:23:50] Iniciando backend en puerto 8080
Backend provisional escuchando en http://127.0.0.1:8080
Backend provisional detenido.
[2026-04-25 02:27:08] Supervisor detenido de forma controlada.
[2026-04-25 02:27:10] Iniciando backend en puerto 8080
Backend provisional escuchando en http://127.0.0.1:8080
Backend provisional detenido.
[2026-04-25 02:28:03] Supervisor detenido de forma controlada.
[2026-04-25 02:28:10] Iniciando backend en puerto 8080
Backend provisional escuchando en http://127.0.0.1:8080
Backend provisional detenido.
[2026-04-25 03:06:54] Supervisor detenido de forma controlada.
[2026-05-13 16:33:04] Iniciando backend en puerto 8080
Backend provisional escuchando en http://127.0.0.1:8080
Backend provisional detenido.
[2026-05-13 20:02:08] Supervisor detenido de forma controlada.
[2026-05-13 20:02:47] Iniciando backend en puerto 8080
Backend provisional escuchando en http://127.0.0.1:8080
Backend provisional detenido.
[2026-05-13 20:03:16] Supervisor detenido de forma controlada.
[2026-05-13 20:03:18] Iniciando backend en puerto 8080
Backend provisional escuchando en http://127.0.0.1:8080
Backend provisional detenido.
[2026-05-13 20:10:34] Supervisor detenido de forma controlada.
[2026-05-13 20:10:35] Iniciando backend en puerto 8080
Backend provisional escuchando en http://127.0.0.1:8080
Backend provisional detenido.
[2026-05-13 20:38:19] Supervisor detenido de forma controlada.
[2026-05-13 20:38:24] Iniciando backend en puerto 8080
Backend provisional escuchando en http://127.0.0.1:8080
Backend provisional detenido.
[2026-05-13 20:43:54] Supervisor detenido de forma controlada.
[2026-05-13 20:44:00] Iniciando backend en puerto 8080
Backend provisional escuchando en http://127.0.0.1:8080
Backend provisional detenido.
[2026-05-13 20:44:54] Supervisor detenido de forma controlada.
[2026-05-13 20:45:03] Iniciando backend en puerto 8080
Backend provisional escuchando en http://127.0.0.1:8080
Backend provisional detenido.
[2026-05-13 20:54:44] Supervisor detenido de forma controlada.
[2026-05-13 20:54:46] Iniciando backend en puerto 8080
Backend provisional escuchando en http://127.0.0.1:8080
Backend provisional detenido.
[2026-05-13 21:07:18] Supervisor detenido de forma controlada.
[2026-05-13 21:07:21] Iniciando backend en puerto 8080
Backend provisional escuchando en http://127.0.0.1:8080
Backend provisional detenido.
[2026-05-13 21:20:19] Supervisor detenido de forma controlada.
[2026-05-13 21:26:26] Iniciando backend en puerto 8080
Backend provisional escuchando en http://127.0.0.1:8080
Backend provisional detenido.
[2026-05-13 22:31:30] Supervisor detenido de forma controlada.
[2026-05-13 22:32:03] Iniciando backend en puerto 8080
Backend provisional escuchando en http://127.0.0.1:8080
Backend provisional detenido.
[2026-05-13 23:54:27] Supervisor detenido de forma controlada.
[2026-05-13 23:54:41] Iniciando backend en puerto 8080
Backend provisional escuchando en http://127.0.0.1:8080
Backend provisional detenido.
[2026-05-13 23:57:51] Supervisor detenido de forma controlada.
[2026-05-13 23:58:01] Iniciando backend en puerto 8080
Backend provisional escuchando en http://127.0.0.1:8080
Backend provisional detenido.
[2026-05-14 00:05:21] Supervisor detenido de forma controlada.
[2026-05-14 00:05:30] Iniciando backend en puerto 8080
Backend provisional escuchando en http://127.0.0.1:8080
Backend provisional detenido.
[2026-05-14 00:07:38] Supervisor detenido de forma controlada.
[2026-05-14 00:07:47] Iniciando backend en puerto 8080
Backend provisional escuchando en http://127.0.0.1:8080
Backend provisional detenido.
[2026-05-14 00:12:58] Supervisor detenido de forma controlada.
[2026-05-14 00:13:06] Iniciando backend en puerto 8080
Backend provisional escuchando en http://127.0.0.1:8080
Backend provisional detenido.
[2026-05-14 01:02:29] Supervisor detenido de forma controlada.
[2026-05-14 01:02:38] Iniciando backend en puerto 8080
Backend provisional escuchando en http://127.0.0.1:8080
Backend provisional detenido.
[2026-05-14 01:08:45] Supervisor detenido de forma controlada.
[2026-05-14 01:08:48] Iniciando backend en puerto 8080
Backend provisional escuchando en http://127.0.0.1:8080
Backend provisional detenido.
[2026-05-14 01:18:12] Supervisor detenido de forma controlada.
[2026-05-14 01:18:31] Iniciando backend en puerto 8080
Backend provisional escuchando en http://127.0.0.1:8080
Backend provisional detenido.
[2026-05-14 01:34:53] Supervisor detenido de forma controlada.
[2026-05-14 01:35:00] Iniciando backend en puerto 8080
Backend provisional escuchando en http://127.0.0.1:8080
Backend provisional detenido.
[2026-05-14 01:42:32] Supervisor detenido de forma controlada.
[2026-05-14 01:42:37] Iniciando backend en puerto 8080
Backend provisional escuchando en http://127.0.0.1:8080
Backend provisional detenido.
[2026-05-14 01:59:17] Supervisor detenido de forma controlada.
[2026-05-14 02:04:13] Iniciando backend en puerto 8080
Backend provisional escuchando en http://127.0.0.1:8080
Backend provisional detenido.
[2026-05-14 02:17:17] Supervisor detenido de forma controlada.
[2026-05-14 02:17:19] Iniciando backend en puerto 8080
Backend provisional escuchando en http://127.0.0.1:8080
Backend provisional detenido.
[2026-05-14 02:33:26] Supervisor detenido de forma controlada.
[[[[[[[[2026-05-18 14:03:26] Iniciando backend en puerto 8080
[2026-05-18 14:03:27] Iniciando backend en puerto 8080
[2026-05-18 14:03:28] Iniciando backend en puerto 8080
[2026-05-18 14:03:29] Iniciando backend en puerto 8080
[2026-05-18 14:03:30] Iniciando backend en puerto 8080
[2026-05-18 14:03:31] Iniciando backend en puerto 8080
[2026-05-18 14:03:32] Iniciando backend en puerto 8080
[2026-05-18 14:03:33] Iniciando backend en puerto 8080
[2026-05-18 14:03:34] Iniciando backend en puerto 8080
[2026-05-18 14:03:35] Iniciando backend en puerto 8080
[2026-05-18 14:03:36] Iniciando backend en puerto 8080
[2026-05-18 14:03:37] Iniciando backend en puerto 8080
[2026-05-18 14:03:38] Iniciando backend en puerto 8080
[2026-05-18 14:03:39] Iniciando backend en puerto 8080
[2026-05-18 14:03:40] Iniciando backend en puerto 8080
[2026-05-18 14:03:41] Iniciando backend en puerto 8080
[2026-05-18 14:03:42] Iniciando backend en puerto 8080
[2026-05-18 14:03:43] Iniciando backend en puerto 8080
[2026-05-18 14:03:44] Iniciando backend en puerto 8080
[2026-05-18 14:03:45] Iniciando backend en puerto 8080
[2026-05-18 14:03:46] Iniciando backend en puerto 8080
[2026-05-18 14:03:47] Iniciando backend en puerto 8080
[2026-05-18 14:03:48] Iniciando backend en puerto 8080
[2026-05-18 14:03:49] Iniciando backend en puerto 8080
[2026-05-18 14:03:50] Iniciando backend en puerto 8080
[2026-05-18 14:03:51] Iniciando backend en puerto 8080
[2026-05-18 14:03:52] Iniciando backend en puerto 8080
[2026-05-18 14:03:53] Iniciando backend en puerto 8080
[2026-05-18 14:03:54] Iniciando backend en puerto 8080
[2026-05-18 14:03:55] Iniciando backend en puerto 8080
[2026-05-18 14:03:56] Iniciando backend en puerto 8080
[2026-05-18 14:03:57] Iniciando backend en puerto 8080
[2026-05-18 14:03:58] Iniciando backend en puerto 8080
[2026-05-18 14:03:59] Iniciando backend en puerto 8080
[2026-05-18 14:04:01] Iniciando backend en puerto 8080
[2026-05-18 14:04:02] Iniciando backend en puerto 8080
[2026-05-18 14:04:03] Iniciando backend en puerto 8080
[2026-05-18 14:04:04] Iniciando backend en puerto 8080
[2026-05-18 14:04:05] Iniciando backend en puerto 8080
[2026-05-18 14:04:06] Iniciando backend en puerto 8080
[2026-05-18 14:04:07] Iniciando backend en puerto 8080
[2026-05-18 14:04:08] Iniciando backend en puerto 8080
[2026-05-18 14:04:09] Iniciando backend en puerto 8080
[2026-05-18 14:04:10] Iniciando backend en puerto 8080
[2026-05-18 14:04:11] Iniciando backend en puerto 8080
[2026-05-18 14:04:12] Iniciando backend en puerto 8080
[2026-05-18 14:04:13] Iniciando backend en puerto 8080
[2026-05-18 14:04:14] Iniciando backend en puerto 8080
[2026-05-18 14:04:15] Iniciando backend en puerto 8080
[2026-05-18 14:04:16] Iniciando backend en puerto 8080
[2026-05-18 14:04:17] Iniciando backend en puerto 8080
[2026-05-18 14:04:18] Iniciando backend en puerto 8080
[2026-05-18 14:04:19] Iniciando backend en puerto 8080
[2026-05-18 14:04:20] Iniciando backend en puerto 8080
[2026-05-18 14:04:21] Iniciando backend en puerto 8080
[2026-05-18 14:04:22] Iniciando backend en puerto 8080
[2026-05-18 14:04:23] Iniciando backend en puerto 8080
[2026-05-18 14:04:24] Iniciando backend en puerto 8080
[2026-05-18 14:04:25] Iniciando backend en puerto 8080
[2026-05-18 14:04:26] Iniciando backend en puerto 8080
[2026-05-18 14:04:27] Iniciando backend en puerto 8080
[2026-05-18 14:04:28] Iniciando backend en puerto 8080
[2026-05-18 14:04:29] Iniciando backend en puerto 8080
[2026-05-18 14:04:30] Iniciando backend en puerto 8080
[2026-05-18 14:04:31] Iniciando backend en puerto 8080
[2026-05-18 14:04:32] Iniciando backend en puerto 8080
[2026-05-18 14:04:33] Iniciando backend en puerto 8080
[2026-05-18 14:04:34] Iniciando backend en puerto 8080
[2026-05-18 14:04:35] Iniciando backend en puerto 8080
[2026-05-18 14:04:37] Iniciando backend en puerto 8080
[2026-05-18 14:04:38] Iniciando backend en puerto 8080
[2026-05-18 14:04:39] Iniciando backend en puerto 8080
[2026-05-18 14:04:40] Iniciando backend en puerto 8080
[2026-05-18 14:04:41] Iniciando backend en puerto 8080
[2026-05-18 14:04:42] Iniciando backend en puerto 8080
[2026-05-18 14:04:43] Iniciando backend en puerto 8080
[2026-05-18 14:04:44] Iniciando backend en puerto 8080
[2026-05-18 14:04:45] Iniciando backend en puerto 8080
[2026-05-18 14:04:46] Iniciando backend en puerto 8080
[2026-05-18 14:04:47] Iniciando backend en puerto 8080
[2026-05-18 14:04:48] Iniciando backend en puerto 8080
[2026-05-18 14:04:49] Iniciando backend en puerto 8080
[2026-05-18 14:04:50] Iniciando backend en puerto 8080
[2026-05-18 14:04:51] Iniciando backend en puerto 8080
[2026-05-18 14:04:52] Iniciando backend en puerto 8080
[2026-05-18 14:04:53] Iniciando backend en puerto 8080
[2026-05-18 14:04:54] Iniciando backend en puerto 8080
[2026-05-18 14:04:55] Iniciando backend en puerto 8080
[2026-05-18 14:04:56] Iniciando backend en puerto 8080
[2026-05-18 14:04:57] Iniciando backend en puerto 8080
[2026-05-18 14:04:58] Iniciando backend en puerto 8080
[2026-05-18 14:04:59] Iniciando backend en puerto 8080
[2026-05-18 14:05:00] Iniciando backend en puerto 8080
[2026-05-18 14:05:01] Iniciando backend en puerto 8080
[2026-05-18 14:05:02] Iniciando backend en puerto 8080
[2026-05-18 14:05:03] Iniciando backend en puerto 8080
[2026-05-18 14:05:04] Iniciando backend en puerto 8080
[2026-05-18 14:05:05] Iniciando backend en puerto 8080
[2026-05-18 14:05:06] Iniciando backend en puerto 8080
[2026-05-18 14:05:07] Iniciando backend en puerto 8080
[2026-05-18 14:05:08] Iniciando backend en puerto 8080
[2026-05-18 14:05:09] Iniciando backend en puerto 8080
[2026-05-18 14:05:10] Iniciando backend en puerto 8080
[2026-05-18 14:05:11] Iniciando backend en puerto 8080
[2026-05-18 14:33:33] Supervisor detenido de forma controlada.
[2026-05-18 14:33:38] Iniciando backend en puerto 8080
[2026-05-18 14:33:39] Iniciando backend en puerto 8080
[2026-05-18 14:33:40] Iniciando backend en puerto 8080
[2026-05-18 14:33:41] Iniciando backend en puerto 8080
[2026-05-18 14:33:42] Iniciando backend en puerto 8080
[2026-05-18 14:33:43] Iniciando backend en puerto 8080
[2026-05-18 14:33:44] Iniciando backend en puerto 8080
[2026-05-18 14:33:45] Iniciando backend en puerto 8080
[2026-05-18 14:33:46] Iniciando backend en puerto 8080
[2026-05-18 14:33:47] Iniciando backend en puerto 8080
[2026-05-18 14:33:48] Iniciando backend en puerto 8080
[2026-05-18 14:33:49] Iniciando backend en puerto 8080
[2026-05-18 14:33:50] Iniciando backend en puerto 8080
[2026-05-18 14:33:51] Iniciando backend en puerto 8080
[2026-05-18 14:33:52] Iniciando backend en puerto 8080
[2026-05-18 14:33:53] Iniciando backend en puerto 8080
[2026-05-18 14:33:54] Iniciando backend en puerto 8080
[2026-05-18 14:33:55] Iniciando backend en puerto 8080
[2026-05-18 14:33:56] Iniciando backend en puerto 8080
[2026-05-18 14:33:57] Iniciando backend en puerto 8080
[2026-05-18 14:33:58] Iniciando backend en puerto 8080
[2026-05-18 14:33:59] Iniciando backend en puerto 8080
[2026-05-18 14:34:00] Iniciando backend en puerto 8080
[2026-05-18 14:34:00] Supervisor detenido de forma controlada.
[2026-05-18 14:34:00] Iniciando backend en puerto 8080
[2026-05-18 14:34:01] Iniciando backend en puerto 8080
[2026-05-18 14:34:02] Iniciando backend en puerto 8080
[2026-05-18 14:34:03] Iniciando backend en puerto 8080
[2026-05-18 14:34:04] Iniciando backend en puerto 8080
[2026-05-18 14:34:05] Iniciando backend en puerto 8080
[2026-05-18 14:34:06] Iniciando backend en puerto 8080
[2026-05-18 14:34:07] Iniciando backend en puerto 8080
[2026-05-18 14:34:08] Iniciando backend en puerto 8080
[2026-05-18 14:34:09] Iniciando backend en puerto 8080
[2026-05-18 14:34:10] Iniciando backend en puerto 8080
[2026-05-18 14:34:11] Iniciando backend en puerto 8080
[2026-05-18 14:34:12] Iniciando backend en puerto 8080
[2026-05-18 14:34:13] Iniciando backend en puerto 8080
[2026-05-18 14:34:14] Iniciando backend en puerto 8080
[2026-05-18 14:34:15] Iniciando backend en puerto 8080
[2026-05-18 14:34:16] Iniciando backend en puerto 8080
[2026-05-18 14:34:17] Iniciando backend en puerto 8080
[2026-05-18 14:34:18] Iniciando backend en puerto 8080
[2026-05-18 14:34:20] Iniciando backend en puerto 8080
[2026-05-18 14:34:21] Iniciando backend en puerto 8080
[2026-05-18 14:34:22] Iniciando backend en puerto 8080
[2026-05-18 14:34:23] Iniciando backend en puerto 8080
[2026-05-18 14:34:24] Iniciando backend en puerto 8080
[2026-05-18 14:34:25] Iniciando backend en puerto 8080
[2026-05-18 14:34:26] Iniciando backend en puerto 8080
[2026-05-18 14:34:27] Iniciando backend en puerto 8080
[2026-05-18 14:34:28] Iniciando backend en puerto 8080
[2026-05-18 14:34:29] Iniciando backend en puerto 8080
[2026-05-18 14:34:30] Iniciando backend en puerto 8080
[2026-05-18 14:34:31] Iniciando backend en puerto 8080
[2026-05-18 14:34:32] Iniciando backend en puerto 8080
[2026-05-18 14:34:33] Iniciando backend en puerto 8080
[2026-05-18 14:34:34] Iniciando backend en puerto 8080
[2026-05-18 14:34:35] Iniciando backend en puerto 8080
[2026-05-18 14:34:36] Iniciando backend en puerto 8080
[2026-05-18 14:34:37] Iniciando backend en puerto 8080
[2026-05-18 14:34:38] Iniciando backend en puerto 8080
[2026-05-18 14:34:39] Iniciando backend en puerto 8080
[2026-05-18 14:34:40] Iniciando backend en puerto 8080
[2026-05-18 14:34:41] Iniciando backend en puerto 8080
[2026-05-18 14:34:42] Iniciando backend en puerto 8080
[2026-05-18 14:34:43] Iniciando backend en puerto 8080
[2026-05-18 14:34:44] Iniciando backend en puerto 8080
[2026-05-18 14:34:45] Iniciando backend en puerto 8080
[2026-05-18 14:34:46] Iniciando backend en puerto 8080
[2026-05-18 14:34:47] Iniciando backend en puerto 8080
[2026-05-18 14:34:48] Iniciando backend en puerto 8080
[2026-05-18 14:34:49] Iniciando backend en puerto 8080
[2026-05-18 14:34:50] Iniciando backend en puerto 8080
[2026-05-18 14:34:51] Iniciando backend en puerto 8080
[2026-05-18 14:34:52] Iniciando backend en puerto 8080
[2026-05-18 14:34:53] Iniciando backend en puerto 8080
[2026-05-18 14:34:54] Iniciando backend en puerto 8080
[2026-05-18 14:34:55] Iniciando backend en puerto 8080
[2026-05-18 14:34:56] Iniciando backend en puerto 8080
[2026-05-18 14:34:57] Iniciando backend en puerto 8080
[2026-05-18 14:34:58] Iniciando backend en puerto 8080
[2026-05-18 14:34:59] Iniciando backend en puerto 8080
[2026-05-18 14:35:00] Iniciando backend en puerto 8080
[2026-05-18 14:35:01] Iniciando backend en puerto 8080
[2026-05-18 14:35:02] Iniciando backend en puerto 8080
[2026-05-18 14:35:03] Iniciando backend en puerto 8080
[2026-05-18 14:35:04] Iniciando backend en puerto 8080
[2026-05-18 14:35:05] Iniciando backend en puerto 8080
[2026-05-18 14:35:06] Iniciando backend en puerto 8080
[2026-05-18 14:35:07] Iniciando backend en puerto 8080
[2026-05-18 14:35:08] Iniciando backend en puerto 8080
[2026-05-18 14:35:09] Iniciando backend en puerto 8080
[2026-05-18 14:35:10] Iniciando backend en puerto 8080
[2026-05-18 14:35:11] Iniciando backend en puerto 8080
[2026-05-18 14:35:12] Iniciando backend en puerto 8080
[2026-05-18 14:35:13] Iniciando backend en puerto 8080
[2026-05-18 14:35:14] Iniciando backend en puerto 8080
[2026-05-18 14:35:15] Iniciando backend en puerto 8080
[2026-05-18 14:35:16] Iniciando backend en puerto 8080
[2026-05-18 14:35:17] Iniciando backend en puerto 8080
[2026-05-18 14:35:18] Iniciando backend en puerto 8080
[2026-05-18 14:35:19] Iniciando backend en puerto 8080
[2026-05-18 14:35:20] Iniciando backend en puerto 8080
[2026-05-18 14:35:21] Iniciando backend en puerto 8080
[2026-05-18 14:35:22] Iniciando backend en puerto 8080
[2026-05-18 14:35:23] Iniciando backend en puerto 8080
[2026-05-18 14:35:24] Iniciando backend en puerto 8080
[2026-05-18 14:35:25] Iniciando backend en puerto 8080
[2026-05-18 14:35:26] Iniciando backend en puerto 8080
[2026-05-18 14:35:27] Iniciando backend en puerto 8080
[2026-05-18 14:35:28] Iniciando backend en puerto 8080
[2026-05-18 14:35:29] Iniciando backend en puerto 8080
[2026-05-18 14:35:30] Iniciando backend en puerto 8080
[2026-05-18 14:35:31] Iniciando backend en puerto 8080
[2026-05-18 14:35:32] Iniciando backend en puerto 8080
[2026-05-18 14:35:33] Iniciando backend en puerto 8080
[2026-05-18 14:35:34] Iniciando backend en puerto 8080
[2026-05-18 14:35:35] Iniciando backend en puerto 8080
[2026-05-18 14:35:36] Iniciando backend en puerto 8080
[2026-05-18 14:35:37] Iniciando backend en puerto 8080
[2026-05-18 14:35:38] Iniciando backend en puerto 8080
[2026-05-18 14:35:39] Iniciando backend en puerto 8080
[2026-05-18 14:35:40] Iniciando backend en puerto 8080
[2026-05-18 14:35:41] Iniciando backend en puerto 8080
[2026-05-18 14:35:42] Iniciando backend en puerto 8080
[2026-05-18 14:35:43] Iniciando backend en puerto 8080
[2026-05-18 14:35:44] Iniciando backend en puerto 8080
[2026-05-18 14:35:45] Iniciando backend en puerto 8080
[2026-05-18 14:35:46] Iniciando backend en puerto 8080
[2026-05-18 14:35:47] Iniciando backend en puerto 8080
[2026-05-18 14:35:48] Iniciando backend en puerto 8080
[2026-05-18 14:35:49] Iniciando backend en puerto 8080
[2026-05-18 14:35:50] Iniciando backend en puerto 8080
[2026-05-18 14:35:51] Iniciando backend en puerto 8080
[2026-05-18 14:35:52] Iniciando backend en puerto 8080
[2026-05-18 14:35:53] Iniciando backend en puerto 8080
[2026-05-18 14:35:54] Iniciando backend en puerto 8080
[2026-05-18 14:35:55] Iniciando backend en puerto 8080
[2026-05-18 14:35:56] Iniciando backend en puerto 8080
[2026-05-18 14:35:57] Iniciando backend en puerto 8080
[2026-05-18 14:35:58] Iniciando backend en puerto 8080
[2026-05-18 14:35:59] Iniciando backend en puerto 8080
[2026-05-18 14:36:00] Iniciando backend en puerto 8080
[2026-05-18 14:36:01] Iniciando backend en puerto 8080
[2026-05-18 14:36:02] Iniciando backend en puerto 8080
[2026-05-18 14:36:03] Iniciando backend en puerto 8080
[2026-05-18 14:36:04] Iniciando backend en puerto 8080
[2026-05-18 14:36:05] Iniciando backend en puerto 8080
[2026-05-18 14:36:06] Iniciando backend en puerto 8080
[2026-05-18 14:36:07] Iniciando backend en puerto 8080
[2026-05-18 14:36:08] Iniciando backend en puerto 8080
[2026-05-18 14:36:09] Iniciando backend en puerto 8080
[2026-05-18 14:36:11] Iniciando backend en puerto 8080
[2026-05-18 14:36:12] Iniciando backend en puerto 8080
[2026-05-18 14:36:13] Iniciando backend en puerto 8080
[2026-05-18 14:36:14] Iniciando backend en puerto 8080
[2026-05-18 14:36:15] Iniciando backend en puerto 8080
[2026-05-18 14:36:16] Iniciando backend en puerto 8080
[2026-05-18 14:36:17] Iniciando backend en puerto 8080
[2026-05-18 14:36:18] Iniciando backend en puerto 8080
[2026-05-18 14:36:19] Iniciando backend en puerto 8080
[2026-05-18 14:36:20] Iniciando backend en puerto 8080
[2026-05-18 14:36:20] Supervisor detenido de forma controlada.
[2026-05-18 14:36:31] Iniciando backend en puerto 8080
Backend provisional escuchando en http://127.0.0.1:8080
Backend provisional detenido.
[2026-05-18 14:36:37] Supervisor detenido de forma controlada.
[2026-05-18 14:37:16] Iniciando backend en puerto 8080
Backend provisional escuchando en http://127.0.0.1:8080
Backend provisional detenido.
[2026-05-18 14:38:15] Supervisor detenido de forma controlada.
[2026-05-18 14:38:38] Iniciando backend en puerto 8080
Backend provisional escuchando en http://127.0.0.1:8080
Backend provisional detenido.
[2026-05-18 14:40:57] Supervisor detenido de forma controlada.
[2026-05-18 14:41:34] Iniciando backend en puerto 8080
